#
# There is insufficient memory for the Java Runtime Environment to continue.
# Native memory allocation (mmap) failed to map 49807360 bytes for committing reserved memory.
# Possible reasons:
#   The system is out of physical RAM or swap space
#   In 32 bit mode, the process size limit was hit
# Possible solutions:
#   Reduce memory load on the system
#   Increase physical memory or swap space
#   Check if swap backing store is full
#   Use 64 bit Java on a 64 bit OS
#   Decrease Java heap size (-Xmx/-Xms)
#   Decrease number of Java threads
#   Decrease Java thread stack sizes (-Xss)
#   Set larger code cache with -XX:ReservedCodeCacheSize=
# This output file may be truncated or incomplete.
#
#  Out of Memory Error (os_linux.cpp:2640), pid=5360, tid=0x00007f53447f7700
#
# JRE version: OpenJDK Runtime Environment (8.0_152-b01) (build 1.8.0_152-release-915-b01)
# Java VM: OpenJDK 64-Bit Server VM (25.152-b01 mixed mode linux-amd64 compressed oops)
# Failed to write core dump. Core dumps have been disabled. To enable core dumping, try "ulimit -c unlimited" before starting Java again
#

---------------  T H R E A D  ---------------

Current thread (0x00007f535c078000):  VMThread [stack: 0x00007f53446f7000,0x00007f53447f8000] [id=5369]

Stack: [0x00007f53446f7000,0x00007f53447f8000],  sp=0x00007f53447f64c0,  free space=1021k
Native frames: (J=compiled Java code, j=interpreted, Vv=VM code, C=native code)
V  [libjvm.so+0x9eb15d]  VMError::report_and_die()+0x15d
V  [libjvm.so+0x4b8eaa]  report_vm_out_of_memory(char const*, int, unsigned long, VMErrorType, char const*)+0x8a
V  [libjvm.so+0x851370]  os::pd_commit_memory(char*, unsigned long, unsigned long, bool)+0xf0
V  [libjvm.so+0x84be8f]  os::commit_memory(char*, unsigned long, unsigned long, bool)+0x1f
V  [libjvm.so+0x8c261b]  PSVirtualSpace::expand_by(unsigned long)+0x5b
V  [libjvm.so+0x8c3290]  PSYoungGen::resize_generation(unsigned long, unsigned long)+0xb0
V  [libjvm.so+0x8c35ab]  PSYoungGen::resize(unsigned long, unsigned long)+0x1b
V  [libjvm.so+0x8bfc9c]  PSScavenge::invoke_no_policy()+0xdac
V  [libjvm.so+0x8c0478]  PSScavenge::invoke()+0x38
V  [libjvm.so+0x8748f3]  ParallelScavengeHeap::failed_mem_allocate(unsigned long)+0x63
V  [libjvm.so+0x9ecc84]  VM_ParallelGCFailedAllocation::doit()+0x84
V  [libjvm.so+0x9f1197]  VM_Operation::evaluate()+0x47
V  [libjvm.so+0x9efb78]  VMThread::evaluate_operation(VM_Operation*)+0x2c8
V  [libjvm.so+0x9efff9]  VMThread::loop()+0x219
V  [libjvm.so+0x9f0442]  VMThread::run()+0x72
V  [libjvm.so+0x84e792]  java_start(Thread*)+0xf2

VM_Operation (0x00007f52c68eed40): ParallelGCFailedAllocation, mode: safepoint, requested by thread 0x00007f52d4031800


---------------  P R O C E S S  ---------------

Java Threads: ( => current thread )
  0x00007f52d4034800 JavaThread "ForkJoinPool.commonPool-worker-0" daemon [_thread_blocked, id=5499, stack(0x00007f52c6ef7000,0x00007f52c6ff8000)]
  0x00007f52d4033800 JavaThread "ForkJoinPool.commonPool-worker-3" daemon [_thread_blocked, id=5498, stack(0x00007f52c70f9000,0x00007f52c71fa000)]
  0x00007f52d4032800 JavaThread "ForkJoinPool.commonPool-worker-2" daemon [_thread_blocked, id=5497, stack(0x00007f52c6ff8000,0x00007f52c70f9000)]
  0x00007f52d4031800 JavaThread "ForkJoinPool.commonPool-worker-1" daemon [_thread_blocked, id=5496, stack(0x00007f52c67f0000,0x00007f52c68f1000)]
  0x00007f52d4076800 JavaThread "Cache worker for Java compile cache (/home/everton/programacao/android/Forca/.gradle/4.1/javaCompile)" [_thread_blocked, id=5446, stack(0x00007f52c6af3000,0x00007f52c6bf4000)]
  0x00007f52e4002800 JavaThread "process reaper" daemon [_thread_blocked, id=5416, stack(0x00007f5334011000,0x00007f533404a000)]
  0x00007f52e0003800 JavaThread "process reaper" daemon [_thread_blocked, id=5415, stack(0x00007f533437e000,0x00007f53343b7000)]
  0x00007f52d8002000 JavaThread "process reaper" daemon [_thread_blocked, id=5414, stack(0x00007f53343b7000,0x00007f53343f0000)]
  0x00007f52dc015800 JavaThread "process reaper" daemon [_thread_blocked, id=5413, stack(0x00007f53343f0000,0x00007f5334429000)]
  0x00007f52f148b000 JavaThread "Task worker for ':' Thread 3" [_thread_blocked, id=5404, stack(0x00007f52c75fc000,0x00007f52c76fd000)]
  0x00007f52f1495800 JavaThread "Task worker for ':' Thread 2" [_thread_blocked, id=5403, stack(0x00007f52c76fd000,0x00007f52c77fe000)]
  0x00007f52f148e000 JavaThread "Task worker for ':'" [_thread_blocked, id=5402, stack(0x00007f52c77fe000,0x00007f52c78ff000)]
  0x00007f52f1484000 JavaThread "Cache worker for task history cache (/home/everton/programacao/android/Forca/.gradle/4.1/taskHistory)" [_thread_blocked, id=5401, stack(0x00007f52c78ff000,0x00007f52c7a00000)]
  0x00007f52f146f000 JavaThread "Cache worker for file content cache (/home/everton/programacao/android/Forca/.gradle/4.1/fileContent)" [_thread_blocked, id=5400, stack(0x00007f533404a000,0x00007f533414b000)]
  0x00007f52f0c4a800 JavaThread "Memory manager" [_thread_blocked, id=5399, stack(0x00007f5334a3e000,0x00007f5334b3f000)]
  0x00007f52f044a000 JavaThread "build operations Thread 4" [_thread_blocked, id=5398, stack(0x00007f5335480000,0x00007f5335581000)]
  0x00007f52f0449000 JavaThread "build operations Thread 3" [_thread_blocked, id=5397, stack(0x00007f5335581000,0x00007f5335682000)]
  0x00007f52f0702000 JavaThread "build operations Thread 2" [_thread_blocked, id=5396, stack(0x00007f5335682000,0x00007f5335783000)]
  0x00007f52f0704000 JavaThread "build operations" [_thread_blocked, id=5395, stack(0x00007f5335783000,0x00007f5335884000)]
  0x00007f52f094a800 JavaThread "Cache worker for Artifact transforms cache (/home/everton/.gradle/caches/transforms-1)" [_thread_blocked, id=5394, stack(0x00007f5335a84000,0x00007f5335b85000)]
  0x00007f52f02c8800 JavaThread "Cache worker for file hash cache (/home/everton/programacao/android/Forca/.gradle/4.1/fileHashes)" [_thread_blocked, id=5393, stack(0x00007f533687b000,0x00007f533697c000)]
  0x00007f52f0115800 JavaThread "File lock request listener" [_thread_in_native, id=5392, stack(0x00007f5336b7c000,0x00007f5336c7d000)]
  0x00007f52f0109000 JavaThread "Cache worker for file hash cache (/home/everton/.gradle/caches/4.1/fileHashes)" [_thread_blocked, id=5391, stack(0x00007f5336c7d000,0x00007f5336d7e000)]
  0x00007f52f000e000 JavaThread "Asynchronous log dispatcher for DefaultDaemonConnection: socket connection from /127.0.0.1:40313 to /127.0.0.1:43644" [_thread_blocked, id=5388, stack(0x00007f533707f000,0x00007f5337180000)]
  0x00007f5304008000 JavaThread "Daemon worker" [_thread_blocked, id=5386, stack(0x00007f5337180000,0x00007f5337281000)]
  0x00007f530400c000 JavaThread "Cancel handler" [_thread_blocked, id=5385, stack(0x00007f5337281000,0x00007f5337382000)]
  0x00007f5304007000 JavaThread "Handler for socket connection from /127.0.0.1:40313 to /127.0.0.1:43644" [_thread_in_native, id=5384, stack(0x00007f5337382000,0x00007f5337483000)]
  0x00007f530c01e000 JavaThread "Daemon" [_thread_blocked, id=5383, stack(0x00007f5337483000,0x00007f5337584000)]
  0x00007f535ccd4800 JavaThread "Daemon periodic checks" [_thread_blocked, id=5382, stack(0x00007f5337584000,0x00007f5337685000)]
  0x00007f535ccb0800 JavaThread "Incoming local TCP Connector on port 40313" [_thread_in_native, id=5381, stack(0x00007f533768c000,0x00007f533778d000)]
  0x00007f535c0c8000 JavaThread "Service Thread" daemon [_thread_blocked, id=5378, stack(0x00007f533fcfd000,0x00007f533fdfe000)]
  0x00007f535c0bd000 JavaThread "C1 CompilerThread2" daemon [_thread_blocked, id=5377, stack(0x00007f533fdfe000,0x00007f533feff000)]
  0x00007f535c0bb800 JavaThread "C2 CompilerThread1" daemon [_thread_blocked, id=5376, stack(0x00007f533feff000,0x00007f5340000000)]
  0x00007f535c0b8800 JavaThread "C2 CompilerThread0" daemon [_thread_blocked, id=5375, stack(0x00007f5344019000,0x00007f534411a000)]
  0x00007f535c0b4800 JavaThread "Signal Dispatcher" daemon [_thread_blocked, id=5374, stack(0x00007f534411a000,0x00007f534421b000)]
  0x00007f535c084000 JavaThread "Finalizer" daemon [_thread_blocked, id=5371, stack(0x00007f53444f5000,0x00007f53445f6000)]
  0x00007f535c07f800 JavaThread "Reference Handler" daemon [_thread_blocked, id=5370, stack(0x00007f53445f6000,0x00007f53446f7000)]
  0x00007f535c00a800 JavaThread "main" [_thread_blocked, id=5364, stack(0x00007f53640ed000,0x00007f53641ee000)]

Other Threads:
=>0x00007f535c078000 VMThread [stack: 0x00007f53446f7000,0x00007f53447f8000] [id=5369]
  0x00007f535c0ca800 WatcherThread [stack: 0x00007f533fbfc000,0x00007f533fcfd000] [id=5379]

VM state:at safepoint (normal execution)

VM Mutex/Monitor currently owned by a thread:  ([mutex/lock_event])
[0x00007f535c006e00] Threads_lock - owner thread: 0x00007f535c078000
[0x00007f535c007300] Heap_lock - owner thread: 0x00007f52d4031800

Heap:
 PSYoungGen      total 152064K, used 17391K [0x00000000e0000000, 0x00000000eb880000, 0x0000000100000000)
  eden space 134656K, 0% used [0x00000000e0000000,0x00000000e0000000,0x00000000e8380000)
  from space 17408K, 99% used [0x00000000ea780000,0x00000000eb87bd78,0x00000000eb880000)
  to   space 14336K, 0% used [0x00000000e8380000,0x00000000e8380000,0x00000000e9180000)
 ParOldGen       total 84480K, used 76428K [0x00000000a0000000, 0x00000000a5280000, 0x00000000e0000000)
  object space 84480K, 90% used [0x00000000a0000000,0x00000000a4aa31a0,0x00000000a5280000)
 Metaspace       used 64157K, capacity 66150K, committed 66520K, reserved 1107968K
  class space    used 8396K, capacity 8850K, committed 8960K, reserved 1048576K

Card table byte_map: [0x00007f5360c7b000,0x00007f5360f7c000] byte_map_base: 0x00007f536077b000

Marking Bits: (ParMarkBitMap*) 0x00007f53635bf3e0
 Begin Bits: [0x00007f5345000000, 0x00007f5346800000)
 End Bits:   [0x00007f5346800000, 0x00007f5348000000)

Polling page: 0x00007f5364213000

CodeCache: size=245760Kb used=30530Kb max_used=30530Kb free=215229Kb
 bounds [0x00007f534d000000, 0x00007f534ee00000, 0x00007f535c000000]
 total_blobs=10235 nmethods=9446 adapters=702
 compilation: enabled

Compilation events (10 events):
Event: 64,108 Thread 0x00007f535c0bd000 11091       2       com.android.dx.io.instructions.InstructionCodec$7::encode (23 bytes)
Event: 64,109 Thread 0x00007f535c0bd000 nmethod 11091 0x00007f534edf5ad0 code [0x00007f534edf5c40, 0x00007f534edf5ea8]
Event: 64,109 Thread 0x00007f535c0bd000 11092       1       com.android.dx.io.instructions.ZeroRegisterDecodedInstruction::getRegisterCount (2 bytes)
Event: 64,109 Thread 0x00007f535c0bd000 nmethod 11092 0x00007f534edf6110 code [0x00007f534edf6260, 0x00007f534edf6370]
Event: 64,109 Thread 0x00007f535c0bd000 11093       1       com.android.dx.io.instructions.DecodedInstruction::getA (2 bytes)
Event: 64,109 Thread 0x00007f535c0bd000 nmethod 11093 0x00007f534edf63d0 code [0x00007f534edf6520, 0x00007f534edf6630]
Event: 64,113 Thread 0x00007f535c0bd000 11094       2       com.android.dx.io.instructions.BaseCodeCursor::baseAddressForCursor (25 bytes)
Event: 64,114 Thread 0x00007f535c0bd000 nmethod 11094 0x00007f534edf6690 code [0x00007f534edf6800, 0x00007f534edf6a18]
Event: 64,114 Thread 0x00007f535c0bd000 11095       2       com.android.dx.io.instructions.AddressMap::get (28 bytes)
Event: 64,115 Thread 0x00007f535c0bd000 nmethod 11095 0x00007f534edf6b90 code [0x00007f534edf6d00, 0x00007f534edf6f88]

GC Heap History (10 events):
Event: 20,640 GC heap after
Heap after GC invocations=16 (full 2):
 PSYoungGen      total 118272K, used 8556K [0x00000000e0000000, 0x00000000e7e80000, 0x0000000100000000)
  eden space 109056K, 0% used [0x00000000e0000000,0x00000000e0000000,0x00000000e6a80000)
  from space 9216K, 92% used [0x00000000e7500000,0x00000000e7d5b1b0,0x00000000e7e00000)
  to   space 10240K, 0% used [0x00000000e6a80000,0x00000000e6a80000,0x00000000e7480000)
 ParOldGen       total 49664K, used 22506K [0x00000000a0000000, 0x00000000a3080000, 0x00000000e0000000)
  object space 49664K, 45% used [0x00000000a0000000,0x00000000a15faa10,0x00000000a3080000)
 Metaspace       used 47436K, capacity 48550K, committed 48728K, reserved 1091584K
  class space    used 6354K, capacity 6668K, committed 6784K, reserved 1048576K
}
Event: 26,201 GC heap before
{Heap before GC invocations=17 (full 2):
 PSYoungGen      total 118272K, used 117612K [0x00000000e0000000, 0x00000000e7e80000, 0x0000000100000000)
  eden space 109056K, 100% used [0x00000000e0000000,0x00000000e6a80000,0x00000000e6a80000)
  from space 9216K, 92% used [0x00000000e7500000,0x00000000e7d5b1b0,0x00000000e7e00000)
  to   space 10240K, 0% used [0x00000000e6a80000,0x00000000e6a80000,0x00000000e7480000)
 ParOldGen       total 49664K, used 22506K [0x00000000a0000000, 0x00000000a3080000, 0x00000000e0000000)
  object space 49664K, 45% used [0x00000000a0000000,0x00000000a15faa10,0x00000000a3080000)
 Metaspace       used 53377K, capacity 54982K, committed 55256K, reserved 1097728K
  class space    used 7228K, capacity 7638K, committed 7680K, reserved 1048576K
Event: 26,228 GC heap after
Heap after GC invocations=17 (full 2):
 PSYoungGen      total 119296K, used 10208K [0x00000000e0000000, 0x00000000ea580000, 0x0000000100000000)
  eden space 109056K, 0% used [0x00000000e0000000,0x00000000e0000000,0x00000000e6a80000)
  from space 10240K, 99% used [0x00000000e6a80000,0x00000000e7478010,0x00000000e7480000)
  to   space 15360K, 0% used [0x00000000e9680000,0x00000000e9680000,0x00000000ea580000)
 ParOldGen       total 49664K, used 32594K [0x00000000a0000000, 0x00000000a3080000, 0x00000000e0000000)
  object space 49664K, 65% used [0x00000000a0000000,0x00000000a1fd4920,0x00000000a3080000)
 Metaspace       used 53377K, capacity 54982K, committed 55256K, reserved 1097728K
  class space    used 7228K, capacity 7638K, committed 7680K, reserved 1048576K
}
Event: 47,656 GC heap before
{Heap before GC invocations=18 (full 2):
 PSYoungGen      total 119296K, used 84788K [0x00000000e0000000, 0x00000000ea580000, 0x0000000100000000)
  eden space 109056K, 68% used [0x00000000e0000000,0x00000000e48d52e0,0x00000000e6a80000)
  from space 10240K, 99% used [0x00000000e6a80000,0x00000000e7478010,0x00000000e7480000)
  to   space 15360K, 0% used [0x00000000e9680000,0x00000000e9680000,0x00000000ea580000)
 ParOldGen       total 49664K, used 32594K [0x00000000a0000000, 0x00000000a3080000, 0x00000000e0000000)
  object space 49664K, 65% used [0x00000000a0000000,0x00000000a1fd4920,0x00000000a3080000)
 Metaspace       used 56983K, capacity 58842K, committed 58968K, reserved 1099776K
  class space    used 7730K, capacity 8208K, committed 8320K, reserved 1048576K
Event: 47,679 GC heap after
Heap after GC invocations=18 (full 2):
 PSYoungGen      total 143872K, used 6573K [0x00000000e0000000, 0x00000000e9f80000, 0x0000000100000000)
  eden space 134656K, 0% used [0x00000000e0000000,0x00000000e0000000,0x00000000e8380000)
  from space 9216K, 71% used [0x00000000e9680000,0x00000000e9ceb6e8,0x00000000e9f80000)
  to   space 14336K, 0% used [0x00000000e8380000,0x00000000e8380000,0x00000000e9180000)
 ParOldGen       total 49664K, used 41623K [0x00000000a0000000, 0x00000000a3080000, 0x00000000e0000000)
  object space 49664K, 83% used [0x00000000a0000000,0x00000000a28a5f80,0x00000000a3080000)
 Metaspace       used 56983K, capacity 58842K, committed 58968K, reserved 1099776K
  class space    used 7730K, capacity 8208K, committed 8320K, reserved 1048576K
}
Event: 47,679 GC heap before
{Heap before GC invocations=19 (full 3):
 PSYoungGen      total 143872K, used 6573K [0x00000000e0000000, 0x00000000e9f80000, 0x0000000100000000)
  eden space 134656K, 0% used [0x00000000e0000000,0x00000000e0000000,0x00000000e8380000)
  from space 9216K, 71% used [0x00000000e9680000,0x00000000e9ceb6e8,0x00000000e9f80000)
  to   space 14336K, 0% used [0x00000000e8380000,0x00000000e8380000,0x00000000e9180000)
 ParOldGen       total 49664K, used 41623K [0x00000000a0000000, 0x00000000a3080000, 0x00000000e0000000)
  object space 49664K, 83% used [0x00000000a0000000,0x00000000a28a5f80,0x00000000a3080000)
 Metaspace       used 56983K, capacity 58842K, committed 58968K, reserved 1099776K
  class space    used 7730K, capacity 8208K, committed 8320K, reserved 1048576K
Event: 47,935 GC heap after
Heap after GC invocations=19 (full 3):
 PSYoungGen      total 143872K, used 0K [0x00000000e0000000, 0x00000000e9f80000, 0x0000000100000000)
  eden space 134656K, 0% used [0x00000000e0000000,0x00000000e0000000,0x00000000e8380000)
  from space 9216K, 0% used [0x00000000e9680000,0x00000000e9680000,0x00000000e9f80000)
  to   space 14336K, 0% used [0x00000000e8380000,0x00000000e8380000,0x00000000e9180000)
 ParOldGen       total 84480K, used 33237K [0x00000000a0000000, 0x00000000a5280000, 0x00000000e0000000)
  object space 84480K, 39% used [0x00000000a0000000,0x00000000a2075680,0x00000000a5280000)
 Metaspace       used 56976K, capacity 58818K, committed 58968K, reserved 1099776K
  class space    used 7728K, capacity 8204K, committed 8320K, reserved 1048576K
}
Event: 62,562 GC heap before
{Heap before GC invocations=20 (full 3):
 PSYoungGen      total 143872K, used 134656K [0x00000000e0000000, 0x00000000e9f80000, 0x0000000100000000)
  eden space 134656K, 100% used [0x00000000e0000000,0x00000000e8380000,0x00000000e8380000)
  from space 9216K, 0% used [0x00000000e9680000,0x00000000e9680000,0x00000000e9f80000)
  to   space 14336K, 0% used [0x00000000e8380000,0x00000000e8380000,0x00000000e9180000)
 ParOldGen       total 84480K, used 33237K [0x00000000a0000000, 0x00000000a5280000, 0x00000000e0000000)
  object space 84480K, 39% used [0x00000000a0000000,0x00000000a2075680,0x00000000a5280000)
 Metaspace       used 63275K, capacity 65204K, committed 65368K, reserved 1105920K
  class space    used 8304K, capacity 8747K, committed 8832K, reserved 1048576K
Event: 62,588 GC heap after
Heap after GC invocations=20 (full 3):
 PSYoungGen      total 148992K, used 14321K [0x00000000e0000000, 0x00000000eb880000, 0x0000000100000000)
  eden space 134656K, 0% used [0x00000000e0000000,0x00000000e0000000,0x00000000e8380000)
  from space 14336K, 99% used [0x00000000e8380000,0x00000000e917c780,0x00000000e9180000)
  to   space 17408K, 0% used [0x00000000ea780000,0x00000000ea780000,0x00000000eb880000)
 ParOldGen       total 84480K, used 35034K [0x00000000a0000000, 0x00000000a5280000, 0x00000000e0000000)
  object space 84480K, 41% used [0x00000000a0000000,0x00000000a2236ad0,0x00000000a5280000)
 Metaspace       used 63275K, capacity 65204K, committed 65368K, reserved 1105920K
  class space    used 8304K, capacity 8747K, committed 8832K, reserved 1048576K
}
Event: 64,119 GC heap before
{Heap before GC invocations=21 (full 3):
 PSYoungGen      total 148992K, used 148977K [0x00000000e0000000, 0x00000000eb880000, 0x0000000100000000)
  eden space 134656K, 100% used [0x00000000e0000000,0x00000000e8380000,0x00000000e8380000)
  from space 14336K, 99% used [0x00000000e8380000,0x00000000e917c780,0x00000000e9180000)
  to   space 17408K, 0% used [0x00000000ea780000,0x00000000ea780000,0x00000000eb880000)
 ParOldGen       total 84480K, used 35034K [0x00000000a0000000, 0x00000000a5280000, 0x00000000e0000000)
  object space 84480K, 41% used [0x00000000a0000000,0x00000000a2236ad0,0x00000000a5280000)
 Metaspace       used 64157K, capacity 66150K, committed 66520K, reserved 1107968K
  class space    used 8396K, capacity 8850K, committed 8960K, reserved 1048576K

Deoptimization events (10 events):
Event: 63,874 Thread 0x00007f52d4031800 Uncommon trap: reason=class_check action=maybe_recompile pc=0x00007f534e563c50 method=com.android.dex.Leb128.readUnsignedLeb128(Lcom/android/dex/util/ByteInput;)I @ 5
Event: 63,891 Thread 0x00007f52d4031800 Uncommon trap: reason=predicate action=maybe_recompile pc=0x00007f534e515128 method=com.android.dex.Leb128.readUnsignedLeb128(Lcom/android/dex/util/ByteInput;)I @ 41
Event: 63,913 Thread 0x00007f52d4031800 Uncommon trap: reason=class_check action=maybe_recompile pc=0x00007f534e529728 method=com.android.dx.merge.DexMerger$IdMerger$UnsortedValue.compareTo(Lcom/android/dx/merge/DexMerger$IdMerger$UnsortedValue;)I @ 8
Event: 63,913 Thread 0x00007f52d4031800 Uncommon trap: reason=class_check action=maybe_recompile pc=0x00007f534e529728 method=com.android.dx.merge.DexMerger$IdMerger$UnsortedValue.compareTo(Lcom/android/dx/merge/DexMerger$IdMerger$UnsortedValue;)I @ 8
Event: 63,913 Thread 0x00007f52d4031800 Uncommon trap: reason=class_check action=maybe_recompile pc=0x00007f534e529728 method=com.android.dx.merge.DexMerger$IdMerger$UnsortedValue.compareTo(Lcom/android/dx/merge/DexMerger$IdMerger$UnsortedValue;)I @ 8
Event: 63,913 Thread 0x00007f52d4031800 Uncommon trap: reason=class_check action=maybe_recompile pc=0x00007f534e529728 method=com.android.dx.merge.DexMerger$IdMerger$UnsortedValue.compareTo(Lcom/android/dx/merge/DexMerger$IdMerger$UnsortedValue;)I @ 8
Event: 63,933 Thread 0x00007f52d4031800 Uncommon trap: reason=unstable_if action=reinterpret pc=0x00007f534ed6ace4 method=com.android.dex.EncodedValueCodec.readUnsignedInt(Lcom/android/dex/util/ByteInput;IZ)I @ 3
Event: 63,949 Thread 0x00007f52d4031800 Uncommon trap: reason=predicate action=maybe_recompile pc=0x00007f534ead3e6c method=java.util.TimSort.binarySort([Ljava/lang/Object;IIILjava/util/Comparator;)V @ 37
Event: 63,951 Thread 0x00007f52d4031800 Uncommon trap: reason=unstable_if action=reinterpret pc=0x00007f534e248494 method=java.util.Arrays$ArrayList.indexOf(Ljava/lang/Object;)I @ 6
Event: 63,954 Thread 0x00007f52d4031800 Uncommon trap: reason=unstable_if action=reinterpret pc=0x00007f534e66aed4 method=com.android.dx.merge.IndexMap.adjustString(I)I @ 2

Classes redefined (0 events):
No events

Internal exceptions (10 events):
Event: 62,318 Thread 0x00007f52d4032800 Exception <a 'sun/nio/fs/UnixException'> (0x00000000e7906870) thrown at [/ssd/Android/AOSP-openjdk-git/jdk8u/hotspot/src/share/vm/prims/jni.cpp, line 709]
Event: 62,321 Thread 0x00007f52d4032800 Exception <a 'sun/nio/fs/UnixException'> (0x00000000e79519c8) thrown at [/ssd/Android/AOSP-openjdk-git/jdk8u/hotspot/src/share/vm/prims/jni.cpp, line 709]
Event: 62,347 Thread 0x00007f52d4031800 Exception <a 'sun/nio/fs/UnixException'> (0x00000000e79dc470) thrown at [/ssd/Android/AOSP-openjdk-git/jdk8u/hotspot/src/share/vm/prims/jni.cpp, line 709]
Event: 62,350 Thread 0x00007f52d4031800 Exception <a 'sun/nio/fs/UnixException'> (0x00000000e79f5610) thrown at [/ssd/Android/AOSP-openjdk-git/jdk8u/hotspot/src/share/vm/prims/jni.cpp, line 709]
Event: 62,541 Thread 0x00007f52d4031800 Exception <a 'sun/nio/fs/UnixException'> (0x00000000e81e3b88) thrown at [/ssd/Android/AOSP-openjdk-git/jdk8u/hotspot/src/share/vm/prims/jni.cpp, line 709]
Event: 62,629 Thread 0x00007f52d4034800 Exception <a 'sun/nio/fs/UnixException'> (0x00000000e0053710) thrown at [/ssd/Android/AOSP-openjdk-git/jdk8u/hotspot/src/share/vm/prims/jni.cpp, line 709]
Event: 63,692 Thread 0x00007f52d4031800 Implicit null exception at 0x00007f534e5fc7f5 to 0x00007f534e5fc935
Event: 63,767 Thread 0x00007f52d4031800 Implicit null exception at 0x00007f534e66e5d4 to 0x00007f534e66edb1
Event: 63,808 Thread 0x00007f52d4031800 Implicit null exception at 0x00007f534d4c5251 to 0x00007f534d4c53d1
Event: 63,951 Thread 0x00007f52d4031800 Implicit null exception at 0x00007f534e2481d0 to 0x00007f534e248481

Events (10 events):
Event: 63,981 loading class com/android/dx/io/instructions/FillArrayDataPayloadDecodedInstruction done
Event: 63,982 loading class com/android/dx/io/IndexType
Event: 63,982 loading class com/android/dx/io/IndexType done
Event: 63,984 loading class com/android/dx/io/CodeReader$1
Event: 63,984 loading class com/android/dx/io/CodeReader$1 done
Event: 63,985 loading class com/android/dx/io/instructions/ShortArrayCodeOutput
Event: 63,985 loading class com/android/dx/io/instructions/ShortArrayCodeOutput done
Event: 64,055 Thread 0x00007f52d4031800 DEOPT PACKING pc=0x00007f534edcc054 sp=0x00007f52c68ef3e0
Event: 64,055 Thread 0x00007f52d4031800 DEOPT UNPACKING pc=0x00007f534d046f73 sp=0x00007f52c68ef118 mode 0
Event: 64,117 Executing VM operation: ParallelGCFailedAllocation


Dynamic libraries:
00400000-00401000 r-xp 00000000 08:01 795680                             /opt/android-studio/jre/bin/java
00600000-00601000 r--p 00000000 08:01 795680                             /opt/android-studio/jre/bin/java
00601000-00602000 rw-p 00001000 08:01 795680                             /opt/android-studio/jre/bin/java
0195c000-0197d000 rw-p 00000000 00:00 0                                  [heap]
a0000000-a5280000 rw-p 00000000 00:00 0 
a5280000-e0000000 ---p 00000000 00:00 0 
e0000000-eb880000 rw-p 00000000 00:00 0 
ee800000-100000000 ---p 00000000 00:00 0 
100000000-1008c0000 rw-p 00000000 00:00 0 
1008c0000-140000000 ---p 00000000 00:00 0 
7f52c5cef000-7f52c5d2f000 rw-p 00000000 00:00 0 
7f52c5d2f000-7f52c5eef000 ---p 00000000 00:00 0 
7f52c5eef000-7f52c60ef000 rw-p 00000000 00:00 0 
7f52c60ef000-7f52c62ef000 rw-p 00000000 00:00 0 
7f52c62ef000-7f52c64ef000 rw-p 00000000 00:00 0 
7f52c64ef000-7f52c66ef000 rw-p 00000000 00:00 0 
7f52c66ef000-7f52c66f2000 ---p 00000000 00:00 0 
7f52c66f2000-7f52c67f0000 rw-p 00000000 00:00 0 
7f52c67f0000-7f52c67f3000 ---p 00000000 00:00 0 
7f52c67f3000-7f52c68f1000 rw-p 00000000 00:00 0 
7f52c68f1000-7f52c68f4000 ---p 00000000 00:00 0 
7f52c68f4000-7f52c69f2000 rw-p 00000000 00:00 0 
7f52c69f2000-7f52c69f5000 ---p 00000000 00:00 0 
7f52c69f5000-7f52c6af3000 rw-p 00000000 00:00 0 
7f52c6af3000-7f52c6af6000 ---p 00000000 00:00 0 
7f52c6af6000-7f52c6bf4000 rw-p 00000000 00:00 0 
7f52c6bf4000-7f52c6bf7000 ---p 00000000 00:00 0 
7f52c6bf7000-7f52c6cf5000 rw-p 00000000 00:00 0 
7f52c6cf5000-7f52c6cf8000 ---p 00000000 00:00 0 
7f52c6cf8000-7f52c6df6000 rw-p 00000000 00:00 0 
7f52c6df6000-7f52c6df9000 ---p 00000000 00:00 0 
7f52c6df9000-7f52c6ef7000 rw-p 00000000 00:00 0 
7f52c6ef7000-7f52c6efa000 ---p 00000000 00:00 0 
7f52c6efa000-7f52c6ff8000 rw-p 00000000 00:00 0 
7f52c6ff8000-7f52c6ffb000 ---p 00000000 00:00 0 
7f52c6ffb000-7f52c70f9000 rw-p 00000000 00:00 0 
7f52c70f9000-7f52c70fc000 ---p 00000000 00:00 0 
7f52c70fc000-7f52c71fa000 rw-p 00000000 00:00 0 
7f52c71fa000-7f52c71fd000 ---p 00000000 00:00 0 
7f52c71fd000-7f52c72fb000 rw-p 00000000 00:00 0 
7f52c72fb000-7f52c72fe000 ---p 00000000 00:00 0 
7f52c72fe000-7f52c75fc000 rw-p 00000000 00:00 0 
7f52c75fc000-7f52c75ff000 ---p 00000000 00:00 0 
7f52c75ff000-7f52c76fd000 rw-p 00000000 00:00 0 
7f52c76fd000-7f52c7700000 ---p 00000000 00:00 0 
7f52c7700000-7f52c77fe000 rw-p 00000000 00:00 0 
7f52c77fe000-7f52c7801000 ---p 00000000 00:00 0 
7f52c7801000-7f52c78ff000 rw-p 00000000 00:00 0 
7f52c78ff000-7f52c7902000 ---p 00000000 00:00 0 
7f52c7902000-7f52c7c00000 rw-p 00000000 00:00 0 
7f52c7c00000-7f52c7e00000 rw-p 00000000 00:00 0 
7f52c7e00000-7f52c8000000 rw-p 00000000 00:00 0 
7f52c8000000-7f52c8098000 rw-p 00000000 00:00 0 
7f52c8098000-7f52cc000000 ---p 00000000 00:00 0 
7f52cc000000-7f52cc02b000 rw-p 00000000 00:00 0 
7f52cc02b000-7f52d0000000 ---p 00000000 00:00 0 
7f52d0000000-7f52d005a000 rw-p 00000000 00:00 0 
7f52d005a000-7f52d4000000 ---p 00000000 00:00 0 
7f52d4000000-7f52d42ce000 rw-p 00000000 00:00 0 
7f52d42ce000-7f52d8000000 ---p 00000000 00:00 0 
7f52d8000000-7f52d8090000 rw-p 00000000 00:00 0 
7f52d8090000-7f52dc000000 ---p 00000000 00:00 0 
7f52dc000000-7f52dc0df000 rw-p 00000000 00:00 0 
7f52dc0df000-7f52e0000000 ---p 00000000 00:00 0 
7f52e0000000-7f52e0021000 rw-p 00000000 00:00 0 
7f52e0021000-7f52e4000000 ---p 00000000 00:00 0 
7f52e4000000-7f52e4071000 rw-p 00000000 00:00 0 
7f52e4071000-7f52e8000000 ---p 00000000 00:00 0 
7f52e8000000-7f52e8021000 rw-p 00000000 00:00 0 
7f52e8021000-7f52ec000000 ---p 00000000 00:00 0 
7f52ec000000-7f52ec023000 rw-p 00000000 00:00 0 
7f52ec023000-7f52f0000000 ---p 00000000 00:00 0 
7f52f0000000-7f52f1692000 rw-p 00000000 00:00 0 
7f52f1692000-7f52f4000000 ---p 00000000 00:00 0 
7f52f4000000-7f52f427e000 rw-p 00000000 00:00 0 
7f52f427e000-7f52f8000000 ---p 00000000 00:00 0 
7f52f8000000-7f52f802a000 rw-p 00000000 00:00 0 
7f52f802a000-7f52fc000000 ---p 00000000 00:00 0 
7f52fc000000-7f52fc021000 rw-p 00000000 00:00 0 
7f52fc021000-7f5300000000 ---p 00000000 00:00 0 
7f5300000000-7f5300021000 rw-p 00000000 00:00 0 
7f5300021000-7f5304000000 ---p 00000000 00:00 0 
7f5304000000-7f5304021000 rw-p 00000000 00:00 0 
7f5304021000-7f5308000000 ---p 00000000 00:00 0 
7f5308000000-7f5308021000 rw-p 00000000 00:00 0 
7f5308021000-7f530c000000 ---p 00000000 00:00 0 
7f530c000000-7f530c076000 rw-p 00000000 00:00 0 
7f530c076000-7f5310000000 ---p 00000000 00:00 0 
7f5310000000-7f5310a52000 rw-p 00000000 00:00 0 
7f5310a52000-7f5314000000 ---p 00000000 00:00 0 
7f5314000000-7f5314021000 rw-p 00000000 00:00 0 
7f5314021000-7f5318000000 ---p 00000000 00:00 0 
7f5318000000-7f531a2ca000 rw-p 00000000 00:00 0 
7f531a2ca000-7f531c000000 ---p 00000000 00:00 0 
7f531c000000-7f531dd57000 rw-p 00000000 00:00 0 
7f531dd57000-7f5320000000 ---p 00000000 00:00 0 
7f5320000000-7f5320021000 rw-p 00000000 00:00 0 
7f5320021000-7f5324000000 ---p 00000000 00:00 0 
7f5324000000-7f532403d000 rw-p 00000000 00:00 0 
7f532403d000-7f5328000000 ---p 00000000 00:00 0 
7f5328000000-7f53282b1000 rw-p 00000000 00:00 0 
7f53282b1000-7f532c000000 ---p 00000000 00:00 0 
7f532c000000-7f532c021000 rw-p 00000000 00:00 0 
7f532c021000-7f5330000000 ---p 00000000 00:00 0 
7f5330000000-7f5330034000 rw-p 00000000 00:00 0 
7f5330034000-7f5334000000 ---p 00000000 00:00 0 
7f5334011000-7f5334014000 ---p 00000000 00:00 0 
7f5334014000-7f533404a000 rw-p 00000000 00:00 0 
7f533404a000-7f533404d000 ---p 00000000 00:00 0 
7f533404d000-7f533434b000 rw-p 00000000 00:00 0 
7f533437e000-7f5334381000 ---p 00000000 00:00 0 
7f5334381000-7f53343b7000 rw-p 00000000 00:00 0 
7f53343b7000-7f53343ba000 ---p 00000000 00:00 0 
7f53343ba000-7f53343f0000 rw-p 00000000 00:00 0 
7f53343f0000-7f53343f3000 ---p 00000000 00:00 0 
7f53343f3000-7f5334629000 rw-p 00000000 00:00 0 
7f5334629000-7f533463b000 r--s 00345000 08:01 795763                     /opt/android-studio/jre/jre/lib/resources.jar
7f533463b000-7f533483b000 rw-p 00000000 00:00 0 
7f533483b000-7f533483e000 r--s 00015000 08:01 795762                     /opt/android-studio/jre/jre/lib/jce.jar
7f533483e000-7f5334a3e000 rw-p 00000000 00:00 0 
7f5334a3e000-7f5334a41000 ---p 00000000 00:00 0 
7f5334a41000-7f5334b3f000 rw-p 00000000 00:00 0 
7f5334b3f000-7f5334b60000 r--p 00000000 08:01 1184106                    /usr/share/locale-langpack/pt_BR/LC_MESSAGES/libc.mo
7f5334b60000-7f5334d60000 rw-p 00000000 00:00 0 
7f5334d60000-7f5334f56000 rw-p 00000000 00:00 0 
7f5334f56000-7f5334f60000 ---p 00000000 00:00 0 
7f5334f60000-7f5334f6b000 r--s 00081000 08:01 274591                     /home/everton/.gradle/caches/jars-3/fc6e889a0f45cc9752787eb60f920103/trove4j-20160824.jar
7f5334f6b000-7f5334fee000 r--s 00758000 08:01 274589                     /home/everton/.gradle/caches/jars-3/b46ab84062ddfd52701cfe0a9718e764/intellij-core-26.0.1.jar
7f5334fee000-7f5334ff4000 r--s 00033000 08:01 274587                     /home/everton/.gradle/caches/jars-3/f96c897d327ea500d64fe3af2833bd50/commons-codec-1.6.jar
7f5334ff4000-7f5334ff6000 r--s 0000d000 08:01 274585                     /home/everton/.gradle/caches/jars-3/ccc849edcf9fccd61ed937bf93ffe896/commons-logging-1.1.1.jar
7f5334ff6000-7f5334ffc000 r--s 00032000 08:01 274583                     /home/everton/.gradle/caches/jars-3/72e344059d1923829968d0d38b0c3c72/httpcore-4.2.5.jar
7f5334ffc000-7f5334ffd000 r--s 00004000 08:01 274581                     /home/everton/.gradle/caches/jars-3/3a4299d1ce3e273e7c03a9ccf5a1e333/annotations-12.0.jar
7f5334ffd000-7f5334ffe000 r--s 00000000 08:01 274579                     /home/everton/.gradle/caches/jars-3/0e2fbc3b8c56d2975eca90c524790c13/animal-sniffer-annotations-1.14.jar
7f5334ffe000-7f5335000000 r--s 00001000 08:01 274577                     /home/everton/.gradle/caches/jars-3/ad41f8f3ac67c0323ce9eb1c20c8dc3f/j2objc-annotations-1.1.jar
7f5335000000-7f5335001000 r--s 00002000 08:01 274575                     /home/everton/.gradle/caches/jars-3/9edb0f46b907c34c4718edabde6c791c/error_prone_annotations-2.0.18.jar
7f5335001000-7f5335004000 r--s 00006000 08:01 274573                     /home/everton/.gradle/caches/jars-3/b58a9bc3bbba42132e4abc0bacae8da1/jsr305-1.3.9.jar
7f5335004000-7f5335005000 r--s 0000a000 08:01 274571                     /home/everton/.gradle/caches/jars-3/5b8b36ed61fe92731031cca3c9b3a0b3/kxml2-2.3.0.jar
7f5335005000-7f5335007000 r--s 00005000 08:01 274569                     /home/everton/.gradle/caches/jars-3/f10e1e1978816198f2eb1189c974b440/httpmime-4.1.jar
7f5335007000-7f5335011000 r--s 00061000 08:01 274567                     /home/everton/.gradle/caches/jars-3/bc4b2527f35dc983f759e8f85f3f8d52/httpclient-4.2.6.jar
7f5335011000-7f533501a000 r--s 00064000 08:01 274565                     /home/everton/.gradle/caches/jars-3/fc37c717528c2a0d27f3e3621835f781/commons-compress-1.12.jar
7f533501a000-7f533501f000 r--s 0002e000 08:01 274563                     /home/everton/.gradle/caches/jars-3/c5bcda7f6f4809e9c92270f99e51f154/gson-2.3.jar
7f533501f000-7f533502f000 r--s 000d6000 08:01 274561                     /home/everton/.gradle/caches/jars-3/dbdb8caed2514263a34702cc763c6785/proguard-base-5.3.3.jar
7f533502f000-7f5335031000 r--s 00003000 08:01 274559                     /home/everton/.gradle/caches/jars-3/01ab8600ebbfdcaf9b89b45c2b992e82/annotations-13.0.jar
7f5335031000-7f5335032000 r--s 00001000 08:01 274557                     /home/everton/.gradle/caches/jars-3/dccac9b7f67766e57200b1770178f61c/annotations-26.0.1.jar
7f5335032000-7f5335035000 r--s 00033000 08:01 274555                     /home/everton/.gradle/caches/jars-3/0ce03714647bf7bd3c78634c20ddbf38/juniversalchardet-1.0.3.jar
7f5335035000-7f5335039000 r--s 0002a000 08:01 274553                     /home/everton/.gradle/caches/jars-3/9849af6d4b0409ba64061601342f385d/commons-io-2.4.jar
7f5335039000-7f5335050000 r--s 00154000 08:01 274551                     /home/everton/.gradle/caches/jars-3/57adf9abd30c921d4ea1dfdcfe7b9efd/antlr4-4.5.3.jar
7f5335050000-7f5335051000 r--s 00003000 08:01 274549                     /home/everton/.gradle/caches/jars-3/54a15dd332fd4c2e246ad396835dc0d2/baseLibrary-3.0.1.jar
7f5335051000-7f5335081000 r--s 00245000 08:01 274547                     /home/everton/.gradle/caches/jars-3/8e27cdebb49ba2f804f9403d90aaaac5/guava-22.0.jar
7f5335081000-7f5335089000 r--s 000a8000 08:01 274545                     /home/everton/.gradle/caches/jars-3/6cc57ce9ec0d90186f781694264d61bc/lombok-ast-0.2.3.jar
7f5335089000-7f533508d000 r--s 0002f000 08:01 274543                     /home/everton/.gradle/caches/jars-3/505fcc8c47da308b2f1262f0ff3c65f1/jimfs-1.1.jar
7f533508d000-7f53350a0000 r--s 00241000 08:01 274541                     /home/everton/.gradle/caches/jars-3/d8dc71eb6d91c966c45f7b594129e14a/ecj-4.6.1.jar
7f53350a0000-7f53350a1000 r--s 00003000 08:01 274539                     /home/everton/.gradle/caches/jars-3/fdb8f5ebd6a086c4818336712b830716/json-simple-1.1.jar
7f53350a1000-7f53351c6000 r--s 00f5d000 08:01 274537                     /home/everton/.gradle/caches/jars-3/dfd566a90e18a0aa75879c33e0731ab8/fastutil-7.2.0.jar
7f53351c6000-7f5335211000 r--s 002ff000 08:01 274535                     /home/everton/.gradle/caches/jars-3/d3d44e9a7fcb4a86fb40775c385dd3d0/bcprov-jdk15on-1.56.jar
7f5335211000-7f5335222000 r--s 00097000 08:01 274533                     /home/everton/.gradle/caches/jars-3/59ebb77d99c5ca0e24bb23272e0329dd/bcpkix-jdk15on-1.56.jar
7f5335222000-7f5335224000 r--s 00002000 08:01 274531                     /home/everton/.gradle/caches/jars-3/f268e5e8fc83bb846ac355d6a16b1f30/javawriter-2.5.0.jar
7f5335224000-7f5335229000 r--s 0003b000 08:01 3817473                    /home/everton/.gradle/caches/jars-3/91bf67441f6ac57ccbb374f99f9ed0fc/apksig-3.0.1.jar
7f5335229000-7f533522c000 r--s 00024000 08:01 3817471                    /home/everton/.gradle/caches/jars-3/04183dcd1bde85515b23d1bbd46ea9bc/common-26.0.1.jar
7f533522c000-7f533522e000 r--s 00006000 08:01 3817469                    /home/everton/.gradle/caches/jars-3/a0ea702af2bdb16dfa1a50969b155dea/dvlib-26.0.1.jar
7f533522e000-7f5335231000 r--s 00014000 08:01 3817467                    /home/everton/.gradle/caches/jars-3/6abb718b4b844aa0386163f0c2f6eb72/layoutlib-api-26.0.1.jar
7f5335231000-7f5335236000 r--s 0004d000 08:01 3817465                    /home/everton/.gradle/caches/jars-3/65a80584522712b8832b7c1c03186c4b/ddmlib-26.0.1.jar
7f5335236000-7f5335237000 r--s 00003000 08:01 3817463                    /home/everton/.gradle/caches/jars-3/af01854c900e4906a368ef59064a245d/builder-test-api-3.0.1.jar
7f5335237000-7f533523a000 r--s 00007000 08:01 3817461                    /home/everton/.gradle/caches/jars-3/124ec36ab4edce0919b54d1123daa364/builder-model-3.0.1.jar
7f533523a000-7f5335249000 r--s 00130000 08:01 3817459                    /home/everton/.gradle/caches/jars-3/72ba1443c6adcea1f6ba21e12f0bb0fc/protobuf-java-3.0.0.jar
7f5335249000-7f533525c000 r--s 001a8000 08:01 3817457                    /home/everton/.gradle/caches/jars-3/a1cbdfb97e256e71fcbd29dc4584a785/protos-26.0.1.jar
7f533525c000-7f533525d000 r--s 00005000 08:01 3817455                    /home/everton/.gradle/caches/jars-3/ca5180624b528b15325a5d002dbfbb6d/shared-26.0.1.jar
7f533525d000-7f533525f000 r--s 00004000 08:01 3817453                    /home/everton/.gradle/caches/jars-3/07f12c2b6f66ca8d4d6bd02e9c9b060a/tracker-26.0.1.jar
7f533525f000-7f5335261000 r--s 00002000 08:01 3817451                    /home/everton/.gradle/caches/jars-3/e91624d2ed1c3b55eec9fd768ed13c1d/proguard-gradle-5.3.3.jar
7f5335261000-7f5335263000 r--s 0000f000 08:01 3817449                    /home/everton/.gradle/caches/jars-3/96760c32d36a5d7066e3ccf088bfd362/jopt-simple-4.9.jar
7f5335263000-7f5335267000 r--s 0001e000 08:01 3817447                    /home/everton/.gradle/caches/jars-3/0d3e95aba631209a078aeec58a76633d/org.jacoco.core-0.7.4.201502262128.jar
7f5335267000-7f533526a000 r--s 00020000 08:01 3817445                    /home/everton/.gradle/caches/jars-3/c72fc284d34f39eab57a4e3ba83405e9/org.jacoco.report-0.7.4.201502262128.jar
7f533526a000-7f533526c000 r--s 0000c000 08:01 3817443                    /home/everton/.gradle/caches/jars-3/9b0a36633c92c6e87e62c81734593183/asm-5.1.jar
7f533526c000-7f533526e000 r--s 00006000 08:01 3817441                    /home/everton/.gradle/caches/jars-3/50c8a7da333c41693b2b7ce95b6d9d89/asm-tree-5.1.jar
7f533526e000-7f533526f000 r--s 0000a000 08:01 3817439                    /home/everton/.gradle/caches/jars-3/c4f1f1d5a624f981d35a78d181e2c418/asm-util-5.1.jar
7f533526f000-7f5335271000 r--s 0000a000 08:01 3817437                    /home/everton/.gradle/caches/jars-3/d37aa405961c464c627b1efe5def81b8/asm-commons-5.1.jar
7f5335271000-7f5335280000 r--s 000c8000 08:01 3817431                    /home/everton/.gradle/caches/jars-3/af931fae44e009148423077fa09abbd1/kotlin-stdlib-1.1.3-2.jar
7f5335280000-7f5335480000 rw-p 00000000 00:00 0 
7f5335480000-7f5335483000 ---p 00000000 00:00 0 
7f5335483000-7f5335581000 rw-p 00000000 00:00 0 
7f5335581000-7f5335584000 ---p 00000000 00:00 0 
7f5335584000-7f5335682000 rw-p 00000000 00:00 0 
7f5335682000-7f5335685000 ---p 00000000 00:00 0 
7f5335685000-7f5335783000 rw-p 00000000 00:00 0 
7f5335783000-7f5335786000 ---p 00000000 00:00 0 
7f5335786000-7f5335a84000 rw-p 00000000 00:00 0 
7f5335a84000-7f5335a87000 ---p 00000000 00:00 0 
7f5335a87000-7f5335d85000 rw-p 00000000 00:00 0 
7f5335d85000-7f5335f85000 rw-p 00000000 00:00 0 
7f5335f85000-7f5336185000 rw-p 00000000 00:00 0 
7f5336185000-7f5336385000 rw-p 00000000 00:00 0 
7f5336385000-7f5336585000 rw-p 00000000 00:00 0 
7f5336585000-7f53365fe000 r--s 010fd000 08:01 795733                     /opt/android-studio/jre/lib/tools.jar
7f53365fe000-7f53365ff000 r--s 00004000 08:01 3817435                    /home/everton/.gradle/caches/jars-3/2b2689d10a4425b1cb2d0654db2ea088/asm-analysis-5.1.jar
7f53365ff000-7f5336600000 r--s 00000000 08:01 3817433                    /home/everton/.gradle/caches/jars-3/5206138fb8a6b2ffbd31e140916c2100/transform-api-2.0.0-deprecated-use-gradle-api.jar
7f5336600000-7f5336632000 r--s 0021b000 08:01 3817429                    /home/everton/.gradle/caches/jars-3/24b2127528a18b338af82ff7ea236d45/kotlin-reflect-1.1.3-2.jar
7f5336632000-7f5336638000 r--s 00030000 08:01 3817427                    /home/everton/.gradle/caches/jars-3/90ec49f8b88710e2876aefe447609abb/repository-26.0.1.jar
7f5336638000-7f5336643000 r--s 0009b000 08:01 3817425                    /home/everton/.gradle/caches/jars-3/af771564c510a1c104220a8be892ab2d/sdklib-26.0.1.jar
7f5336643000-7f5336652000 r--s 000da000 08:01 3817423                    /home/everton/.gradle/caches/jars-3/50767da85151ce151711c301f4a0623c/sdk-common-26.0.1.jar
7f5336652000-7f5336656000 r--s 00023000 08:01 3817421                    /home/everton/.gradle/caches/jars-3/186e268c3a12c0a405d658dabf9d64d2/manifest-merger-26.0.1.jar
7f5336656000-7f533665a000 r--s 0002e000 08:01 3817419                    /home/everton/.gradle/caches/jars-3/c519ce7b2f3637e909703f541c08c445/compilerCommon-3.0.1.jar
7f533665a000-7f533665c000 r--s 00003000 08:01 3817417                    /home/everton/.gradle/caches/jars-3/34cfdbf6cad3f54cc2f45521bf0374e7/gradle-api-3.0.1.jar
7f533665c000-7f533666b000 r--s 000cb000 08:01 3817415                    /home/everton/.gradle/caches/jars-3/e5c09abb4b0acf0785ecd8a8015ab959/uast-26.0.1.jar
7f533666b000-7f5336672000 r--s 0007f000 08:01 3817413                    /home/everton/.gradle/caches/jars-3/b1f5a73634581e955e7f89376aea2d48/lint-api-26.0.1.jar
7f5336672000-7f533667b000 r--s 000ff000 08:01 3817411                    /home/everton/.gradle/caches/jars-3/75e696a5531ca85e1fe447df83f74bd2/lint-checks-26.0.1.jar
7f533667b000-7f533667e000 r--s 00039000 08:01 3817409                    /home/everton/.gradle/caches/jars-3/7fa6c4fcdd1d81db4cc9c7439ce29486/lint-26.0.1.jar
7f533667e000-7f53366ae000 r--s 01983000 08:01 3817407                    /home/everton/.gradle/caches/jars-3/add7f1627b730db059119a8274a10c21/builder-3.0.1.jar
7f53366ae000-7f53366d1000 r--s 0020b000 08:01 3817405                    /home/everton/.gradle/caches/jars-3/4adae2b762c8552c6e3aa2ded1493e4b/gradle-core-3.0.1.jar
7f53366d1000-7f53366d3000 r--s 0000f000 08:01 3817403                    /home/everton/.gradle/caches/jars-3/afd86a0d8507fd7f2e97461eaf9e4416/gradle-3.0.1.jar
7f53366d3000-7f53367ee000 r--s 02008000 08:01 274926                     /home/everton/.gradle/caches/jars-3/9955734f77abc673a38c7cd4c0214af5/android.jar
7f53367ee000-7f53367f5000 r--s 0002a000 08:01 3426741                    /home/everton/.gradle/caches/jars-3/fff47aec37b967e571b648d1fc9c6db6/gradle-messaging-3.5.jar
7f53367f5000-7f53367fa000 r--s 00041000 08:01 3426739                    /home/everton/.gradle/caches/jars-3/c0502f5c2cf6dfd52d250e1b7d027d24/commons-lang-2.6.jar
7f53367fa000-7f533683c000 r--s 00220000 08:01 3426737                    /home/everton/.gradle/caches/jars-3/929747bc6b973b44297e9c57df71598d/gradle-core-3.5.jar
7f533683c000-7f5336845000 r--s 00047000 08:01 3426735                    /home/everton/.gradle/caches/jars-3/11d06a5dce89fe5632250b7df00a3d57/gradle-base-services-3.5.jar
7f5336845000-7f533686d000 r--s 001cf000 08:01 3426733                    /home/everton/.gradle/caches/jars-3/566e7e0f530f75a42eba4833ef84d88c/guava-jdk5-17.0.jar
7f533686d000-7f533687b000 r--s 00043000 08:01 3426731                    /home/everton/.gradle/caches/jars-3/c0d1da18a547ef3a2ba66d3068ae6e09/gradle-tooling-api-3.5.jar
7f533687b000-7f533687e000 ---p 00000000 00:00 0 
7f533687e000-7f5336b7c000 rw-p 00000000 00:00 0 
7f5336b7c000-7f5336b7f000 ---p 00000000 00:00 0 
7f5336b7f000-7f5336c7d000 rw-p 00000000 00:00 0 
7f5336c7d000-7f5336c80000 ---p 00000000 00:00 0 
7f5336c80000-7f5336d7e000 rw-p 00000000 00:00 0 
7f5336d7e000-7f5336d81000 ---p 00000000 00:00 0 
7f5336d81000-7f533707f000 rw-p 00000000 00:00 0 
7f533707f000-7f5337082000 ---p 00000000 00:00 0 
7f5337082000-7f5337180000 rw-p 00000000 00:00 0 
7f5337180000-7f5337183000 ---p 00000000 00:00 0 
7f5337183000-7f5337281000 rw-p 00000000 00:00 0 
7f5337281000-7f5337284000 ---p 00000000 00:00 0 
7f5337284000-7f5337382000 rw-p 00000000 00:00 0 
7f5337382000-7f5337385000 ---p 00000000 00:00 0 
7f5337385000-7f5337483000 rw-p 00000000 00:00 0 
7f5337483000-7f5337486000 ---p 00000000 00:00 0 
7f5337486000-7f5337584000 rw-p 00000000 00:00 0 
7f5337584000-7f5337587000 ---p 00000000 00:00 0 
7f5337587000-7f5337685000 rw-p 00000000 00:00 0 
7f5337685000-7f533768c000 r--s 00000000 08:01 796773                     /usr/lib/x86_64-linux-gnu/gconv/gconv-modules.cache
7f533768c000-7f533768f000 ---p 00000000 00:00 0 
7f533768f000-7f533778d000 rw-p 00000000 00:00 0 
7f533778d000-7f5337792000 r--s 0009a000 08:01 795862                     /opt/android-studio/jre/jre/lib/jsse.jar
7f5337792000-7f5337992000 rw-p 00000000 00:00 0 
7f5337992000-7f533799b000 r-xp 00000000 08:01 795814                     /opt/android-studio/jre/jre/lib/amd64/libmanagement.so
7f533799b000-7f5337b9a000 ---p 00009000 08:01 795814                     /opt/android-studio/jre/jre/lib/amd64/libmanagement.so
7f5337b9a000-7f5337b9b000 r--p 00008000 08:01 795814                     /opt/android-studio/jre/jre/lib/amd64/libmanagement.so
7f5337b9b000-7f5337b9c000 rw-p 00009000 08:01 795814                     /opt/android-studio/jre/jre/lib/amd64/libmanagement.so
7f5337b9c000-7f5337b9e000 r--s 00007000 08:01 3425486                    /home/everton/.gradle/wrapper/dists/gradle-4.1-all/bzyivzo6n839fup2jbap0tjew/gradle-4.1/lib/plugins/gradle-tooling-api-builders-4.1.jar
7f5337b9e000-7f5337ba1000 r--s 00009000 08:01 3425496                    /home/everton/.gradle/wrapper/dists/gradle-4.1-all/bzyivzo6n839fup2jbap0tjew/gradle-4.1/lib/plugins/gradle-testing-native-4.1.jar
7f5337ba1000-7f5337ba3000 r--s 00009000 08:01 3425569                    /home/everton/.gradle/wrapper/dists/gradle-4.1-all/bzyivzo6n839fup2jbap0tjew/gradle-4.1/lib/plugins/hamcrest-core-1.3.jar
7f5337ba3000-7f5337ba8000 r--s 00040000 08:01 3425564                    /home/everton/.gradle/wrapper/dists/gradle-4.1-all/bzyivzo6n839fup2jbap0tjew/gradle-4.1/lib/plugins/bsh-2.0b4.jar
7f5337ba8000-7f5337baa000 r--s 00006000 08:01 3425565                    /home/everton/.gradle/wrapper/dists/gradle-4.1-all/bzyivzo6n839fup2jbap0tjew/gradle-4.1/lib/plugins/jcommander-1.12.jar
7f5337baa000-7f5337bb0000 r--s 00033000 08:01 3425566                    /home/everton/.gradle/wrapper/dists/gradle-4.1-all/bzyivzo6n839fup2jbap0tjew/gradle-4.1/lib/plugins/snakeyaml-1.6.jar
7f5337bb0000-7f5337bb9000 r--s 00089000 08:01 3425524                    /home/everton/.gradle/wrapper/dists/gradle-4.1-all/bzyivzo6n839fup2jbap0tjew/gradle-4.1/lib/plugins/testng-6.3.1.jar
7f5337bb9000-7f5337bc1000 r--s 00045000 08:01 3425525                    /home/everton/.gradle/wrapper/dists/gradle-4.1-all/bzyivzo6n839fup2jbap0tjew/gradle-4.1/lib/plugins/junit-4.12.jar
7f5337bc1000-7f5337bc7000 r--s 0002e000 08:01 3425492                    /home/everton/.gradle/wrapper/dists/gradle-4.1-all/bzyivzo6n839fup2jbap0tjew/gradle-4.1/lib/plugins/gradle-testing-jvm-4.1.jar
7f5337bc7000-7f5337bcb000 r--s 00017000 08:01 3425500                    /home/everton/.gradle/wrapper/dists/gradle-4.1-all/bzyivzo6n839fup2jbap0tjew/gradle-4.1/lib/plugins/gradle-testing-base-4.1.jar
7f5337bcb000-7f5337bd2000 r--s 00038000 08:01 3425520                    /home/everton/.gradle/wrapper/dists/gradle-4.1-all/bzyivzo6n839fup2jbap0tjew/gradle-4.1/lib/plugins/bcpg-jdk15on-1.51.jar
7f5337bd2000-7f5337bd4000 r--s 0000c000 08:01 3425471                    /home/everton/.gradle/wrapper/dists/gradle-4.1-all/bzyivzo6n839fup2jbap0tjew/gradle-4.1/lib/plugins/gradle-signing-4.1.jar
7f5337bd4000-7f5337bd6000 r--s 00007000 08:01 3425477                    /home/everton/.gradle/wrapper/dists/gradle-4.1-all/bzyivzo6n839fup2jbap0tjew/gradle-4.1/lib/plugins/gradle-scala-4.1.jar
7f5337bd6000-7f5337bd7000 r--s 00004000 08:01 3425508                    /home/everton/.gradle/wrapper/dists/gradle-4.1-all/bzyivzo6n839fup2jbap0tjew/gradle-4.1/lib/plugins/gradle-resources-sftp-4.1.jar
7f5337bd7000-7f5337be7000 r--s 00088000 08:01 3425537                    /home/everton/.gradle/wrapper/dists/gradle-4.1-all/bzyivzo6n839fup2jbap0tjew/gradle-4.1/lib/plugins/joda-time-2.8.2.jar
7f5337be7000-7f5337bf8000 r--s 0010d000 08:01 3425536                    /home/everton/.gradle/wrapper/dists/gradle-4.1-all/bzyivzo6n839fup2jbap0tjew/gradle-4.1/lib/plugins/jackson-databind-2.6.6.jar
7f5337bf8000-7f5337bfb000 r--s 00009000 08:01 3425535                    /home/everton/.gradle/wrapper/dists/gradle-4.1-all/bzyivzo6n839fup2jbap0tjew/gradle-4.1/lib/plugins/jackson-annotations-2.6.6.jar
7f5337bfb000-7f5337bff000 r--s 0003c000 08:01 3425534                    /home/everton/.gradle/wrapper/dists/gradle-4.1-all/bzyivzo6n839fup2jbap0tjew/gradle-4.1/lib/plugins/jackson-core-2.6.6.jar
7f5337bff000-7f5337c0d000 r--s 00087000 08:01 3425533                    /home/everton/.gradle/wrapper/dists/gradle-4.1-all/bzyivzo6n839fup2jbap0tjew/gradle-4.1/lib/plugins/aws-java-sdk-core-1.11.6.jar
7f5337c0d000-7f5337c14000 r--s 00057000 08:01 3425532                    /home/everton/.gradle/wrapper/dists/gradle-4.1-all/bzyivzo6n839fup2jbap0tjew/gradle-4.1/lib/plugins/aws-java-sdk-kms-1.11.6.jar
7f5337c14000-7f5337c21000 r--s 0008e000 08:01 3425531                    /home/everton/.gradle/wrapper/dists/gradle-4.1-all/bzyivzo6n839fup2jbap0tjew/gradle-4.1/lib/plugins/aws-java-sdk-s3-1.11.6.jar
7f5337c21000-7f5337c23000 r--s 00004000 08:01 3425505                    /home/everton/.gradle/wrapper/dists/gradle-4.1-all/bzyivzo6n839fup2jbap0tjew/gradle-4.1/lib/plugins/gradle-resources-s3-4.1.jar
7f5337c23000-7f5337c25000 r--s 00010000 08:01 3425501                    /home/everton/.gradle/wrapper/dists/gradle-4.1-all/bzyivzo6n839fup2jbap0tjew/gradle-4.1/lib/plugins/gradle-reporting-4.1.jar
7f5337c25000-7f5337c27000 r--s 00002000 08:01 3425502                    /home/everton/.gradle/wrapper/dists/gradle-4.1-all/bzyivzo6n839fup2jbap0tjew/gradle-4.1/lib/plugins/gradle-publish-4.1.jar
7f5337c27000-7f5337c29000 r--s 00009000 08:01 3425513                    /home/everton/.gradle/wrapper/dists/gradle-4.1-all/bzyivzo6n839fup2jbap0tjew/gradle-4.1/lib/plugins/commons-cli-1.2.jar
7f5337c29000-7f5337c2f000 r--s 00036000 08:01 3425485                    /home/everton/.gradle/wrapper/dists/gradle-4.1-all/bzyivzo6n839fup2jbap0tjew/gradle-4.1/lib/plugins/gradle-plugins-4.1.jar
7f5337c2f000-7f5337c31000 r--s 00009000 08:01 3425472                    /home/everton/.gradle/wrapper/dists/gradle-4.1-all/bzyivzo6n839fup2jbap0tjew/gradle-4.1/lib/plugins/gradle-plugin-development-4.1.jar
7f5337c31000-7f5337c37000 r--s 0002b000 08:01 3425480                    /home/everton/.gradle/wrapper/dists/gradle-4.1-all/bzyivzo6n839fup2jbap0tjew/gradle-4.1/lib/plugins/gradle-platform-play-4.1.jar
7f5337c37000-7f5337c46000 r--s 0005b000 08:01 3425498                    /home/everton/.gradle/wrapper/dists/gradle-4.1-all/bzyivzo6n839fup2jbap0tjew/gradle-4.1/lib/plugins/gradle-platform-native-4.1.jar
7f5337c46000-7f5337c4a000 r--s 0001b000 08:01 3425495                    /home/everton/.gradle/wrapper/dists/gradle-4.1-all/bzyivzo6n839fup2jbap0tjew/gradle-4.1/lib/plugins/gradle-platform-jvm-4.1.jar
7f5337c4a000-7f5337c52000 r--s 00027000 08:01 3425503                    /home/everton/.gradle/wrapper/dists/gradle-4.1-all/bzyivzo6n839fup2jbap0tjew/gradle-4.1/lib/plugins/gradle-platform-base-4.1.jar
7f5337c52000-7f5337c7a000 r--s 0021c000 08:01 3425514                    /home/everton/.gradle/wrapper/dists/gradle-4.1-all/bzyivzo6n839fup2jbap0tjew/gradle-4.1/lib/plugins/biz.aQute.bndlib-3.2.0.jar
7f5337c7a000-7f5337c7b000 r--s 00004000 08:01 3425470                    /home/everton/.gradle/wrapper/dists/gradle-4.1-all/bzyivzo6n839fup2jbap0tjew/gradle-4.1/lib/plugins/gradle-osgi-4.1.jar
7f5337c7b000-7f5337c7e000 r--s 0000c000 08:01 3425517                    /home/everton/.gradle/wrapper/dists/gradle-4.1-all/bzyivzo6n839fup2jbap0tjew/gradle-4.1/lib/plugins/pmaven-groovy-0.8-20100325.jar
7f5337c7e000-7f5337df0000 r-xp 00000000 08:01 524590                     /usr/lib/x86_64-linux-gnu/libstdc++.so.6.0.21
7f5337df0000-7f5337ff0000 ---p 00172000 08:01 524590                     /usr/lib/x86_64-linux-gnu/libstdc++.so.6.0.21
7f5337ff0000-7f5337ffa000 r--p 00172000 08:01 524590                     /usr/lib/x86_64-linux-gnu/libstdc++.so.6.0.21
7f5337ffa000-7f5337ffc000 rw-p 0017c000 08:01 524590                     /usr/lib/x86_64-linux-gnu/libstdc++.so.6.0.21
7f5337ffc000-7f5338000000 rw-p 00000000 00:00 0 
7f5338000000-7f5338023000 rw-p 00000000 00:00 0 
7f5338023000-7f533c000000 ---p 00000000 00:00 0 
7f533c000000-7f533c001000 r--s 00004000 08:01 3425516                    /home/everton/.gradle/wrapper/dists/gradle-4.1-all/bzyivzo6n839fup2jbap0tjew/gradle-4.1/lib/plugins/pmaven-common-0.8-20100325.jar
7f533c001000-7f533c007000 r--s 00023000 08:01 3425473                    /home/everton/.gradle/wrapper/dists/gradle-4.1-all/bzyivzo6n839fup2jbap0tjew/gradle-4.1/lib/plugins/gradle-maven-4.1.jar
7f533c007000-7f533c00a000 r--s 0000b000 08:01 3425491                    /home/everton/.gradle/wrapper/dists/gradle-4.1-all/bzyivzo6n839fup2jbap0tjew/gradle-4.1/lib/plugins/gradle-language-scala-4.1.jar
7f533c00a000-7f533c011000 r--s 00020000 08:01 3425497                    /home/everton/.gradle/wrapper/dists/gradle-4.1-all/bzyivzo6n839fup2jbap0tjew/gradle-4.1/lib/plugins/gradle-language-native-4.1.jar
7f533c011000-7f533c013000 r--s 00005000 08:01 3425494                    /home/everton/.gradle/wrapper/dists/gradle-4.1-all/bzyivzo6n839fup2jbap0tjew/gradle-4.1/lib/plugins/gradle-language-jvm-4.1.jar
7f533c013000-7f533c01a000 r--s 0002f000 08:01 3425493                    /home/everton/.gradle/wrapper/dists/gradle-4.1-all/bzyivzo6n839fup2jbap0tjew/gradle-4.1/lib/plugins/gradle-language-java-4.1.jar
7f533c01a000-7f533c01d000 r--s 0000a000 08:01 3425490                    /home/everton/.gradle/wrapper/dists/gradle-4.1-all/bzyivzo6n839fup2jbap0tjew/gradle-4.1/lib/plugins/gradle-language-groovy-4.1.jar
7f533c01d000-7f533c024000 r--s 00035000 08:01 3425523                    /home/everton/.gradle/wrapper/dists/gradle-4.1-all/bzyivzo6n839fup2jbap0tjew/gradle-4.1/lib/plugins/simple-4.1.21.jar
7f533c024000-7f533c030000 r--s 00100000 08:01 3425521                    /home/everton/.gradle/wrapper/dists/gradle-4.1-all/bzyivzo6n839fup2jbap0tjew/gradle-4.1/lib/plugins/rhino-1.7R3.jar
7f533c030000-7f533c034000 r--s 00012000 08:01 3425481                    /home/everton/.gradle/wrapper/dists/gradle-4.1-all/bzyivzo6n839fup2jbap0tjew/gradle-4.1/lib/plugins/gradle-javascript-4.1.jar
7f533c034000-7f533c037000 r--s 00011000 08:01 3425483                    /home/everton/.gradle/wrapper/dists/gradle-4.1-all/bzyivzo6n839fup2jbap0tjew/gradle-4.1/lib/plugins/gradle-jacoco-4.1.jar
7f533c037000-7f533c03a000 r--s 0000e000 08:01 3425482                    /home/everton/.gradle/wrapper/dists/gradle-4.1-all/bzyivzo6n839fup2jbap0tjew/gradle-4.1/lib/plugins/gradle-ivy-4.1.jar
7f533c03a000-7f533c03b000 r--s 00002000 08:01 3425474                    /home/everton/.gradle/wrapper/dists/gradle-4.1-all/bzyivzo6n839fup2jbap0tjew/gradle-4.1/lib/plugins/gradle-ide-play-4.1.jar
7f533c03b000-7f533c03e000 r--s 00013000 08:01 3425475                    /home/everton/.gradle/wrapper/dists/gradle-4.1-all/bzyivzo6n839fup2jbap0tjew/gradle-4.1/lib/plugins/gradle-ide-native-4.1.jar
7f533c03e000-7f533c048000 r--s 00054000 08:01 3425476                    /home/everton/.gradle/wrapper/dists/gradle-4.1-all/bzyivzo6n839fup2jbap0tjew/gradle-4.1/lib/plugins/gradle-ide-4.1.jar
7f533c048000-7f533c04a000 r--s 00007000 08:01 3425479                    /home/everton/.gradle/wrapper/dists/gradle-4.1-all/bzyivzo6n839fup2jbap0tjew/gradle-4.1/lib/plugins/gradle-ear-4.1.jar
7f533c04a000-7f533c04c000 r--s 00005000 08:01 3425511                    /home/everton/.gradle/wrapper/dists/gradle-4.1-all/bzyivzo6n839fup2jbap0tjew/gradle-4.1/lib/plugins/jatl-0.2.2.jar
7f533c04c000-7f533c053000 r--s 00038000 08:01 3425499                    /home/everton/.gradle/wrapper/dists/gradle-4.1-all/bzyivzo6n839fup2jbap0tjew/gradle-4.1/lib/plugins/gradle-diagnostics-4.1.jar
7f533c053000-7f533c055000 r--s 0000b000 08:01 3425488                    /home/everton/.gradle/wrapper/dists/gradle-4.1-all/bzyivzo6n839fup2jbap0tjew/gradle-4.1/lib/plugins/gradle-composite-builds-4.1.jar
7f533c055000-7f533c05a000 r--s 00025000 08:01 3425468                    /home/everton/.gradle/wrapper/dists/gradle-4.1-all/bzyivzo6n839fup2jbap0tjew/gradle-4.1/lib/plugins/gradle-code-quality-4.1.jar
7f533c05a000-7f533c05f000 r--s 00022000 08:01 3425484                    /home/everton/.gradle/wrapper/dists/gradle-4.1-all/bzyivzo6n839fup2jbap0tjew/gradle-4.1/lib/plugins/gradle-build-init-4.1.jar
7f533c05f000-7f533c065000 r--s 0008e000 08:01 3425478                    /home/everton/.gradle/wrapper/dists/gradle-4.1-all/bzyivzo6n839fup2jbap0tjew/gradle-4.1/lib/plugins/gradle-build-comparison-4.1.jar
7f533c065000-7f533c066000 r--s 00002000 08:01 3425506                    /home/everton/.gradle/wrapper/dists/gradle-4.1-all/bzyivzo6n839fup2jbap0tjew/gradle-4.1/lib/plugins/gradle-build-cache-http-4.1.jar
7f533c066000-7f533c068000 r--s 00008000 08:01 3425469                    /home/everton/.gradle/wrapper/dists/gradle-4.1-all/bzyivzo6n839fup2jbap0tjew/gradle-4.1/lib/plugins/gradle-antlr-4.1.jar
7f533c068000-7f533c06a000 r--s 00004000 08:01 3425489                    /home/everton/.gradle/wrapper/dists/gradle-4.1-all/bzyivzo6n839fup2jbap0tjew/gradle-4.1/lib/plugins/gradle-announce-4.1.jar
7f533c06a000-7f533c06c000 r--s 00008000 08:01 3425409                    /home/everton/.gradle/wrapper/dists/gradle-4.1-all/bzyivzo6n839fup2jbap0tjew/gradle-4.1/lib/gradle-kotlin-dsl-tooling-builders-0.10.3.jar
7f533c06c000-7f533c06f000 r--s 0001c000 08:01 3425527                    /home/everton/.gradle/wrapper/dists/gradle-4.1-all/bzyivzo6n839fup2jbap0tjew/gradle-4.1/lib/plugins/nekohtml-1.9.14.jar
7f533c06f000-7f533c077000 r--s 00028000 08:01 3425568                    /home/everton/.gradle/wrapper/dists/gradle-4.1-all/bzyivzo6n839fup2jbap0tjew/gradle-4.1/lib/plugins/xml-apis-1.3.04.jar
7f533c077000-7f533c08f000 r--s 00115000 08:01 3425528                    /home/everton/.gradle/wrapper/dists/gradle-4.1-all/bzyivzo6n839fup2jbap0tjew/gradle-4.1/lib/plugins/xercesImpl-2.9.1.jar
7f533c08f000-7f533c095000 r--s 0005b000 08:01 3425526                    /home/everton/.gradle/wrapper/dists/gradle-4.1-all/bzyivzo6n839fup2jbap0tjew/gradle-4.1/lib/plugins/jcifs-1.3.17.jar
7f533c095000-7f533c09c000 r--s 00049000 08:01 3425567                    /home/everton/.gradle/wrapper/dists/gradle-4.1-all/bzyivzo6n839fup2jbap0tjew/gradle-4.1/lib/plugins/httpcore-4.4.4.jar
7f533c09c000-7f533c0a2000 r--s 00033000 08:01 3425519                    /home/everton/.gradle/wrapper/dists/gradle-4.1-all/bzyivzo6n839fup2jbap0tjew/gradle-4.1/lib/plugins/commons-codec-1.6.jar
7f533c0a2000-7f533c0af000 r--s 000a4000 08:01 3425512                    /home/everton/.gradle/wrapper/dists/gradle-4.1-all/bzyivzo6n839fup2jbap0tjew/gradle-4.1/lib/plugins/httpclient-4.4.1.jar
7f533c0af000-7f533c0b1000 r--s 0000b000 08:01 3425507                    /home/everton/.gradle/wrapper/dists/gradle-4.1-all/bzyivzo6n839fup2jbap0tjew/gradle-4.1/lib/plugins/gradle-resources-http-4.1.jar
7f533c0b1000-7f533c0b5000 r--s 00017000 08:01 3425504                    /home/everton/.gradle/wrapper/dists/gradle-4.1-all/bzyivzo6n839fup2jbap0tjew/gradle-4.1/lib/plugins/gradle-plugin-use-4.1.jar
7f533c0b5000-7f533c0b6000 r--s 00000000 08:01 3425415                    /home/everton/.gradle/wrapper/dists/gradle-4.1-all/bzyivzo6n839fup2jbap0tjew/gradle-4.1/lib/gradle-runtime-api-info-4.1.jar
7f533c0b6000-7f533c0b7000 r--s 00000000 08:01 3425418                    /home/everton/.gradle/wrapper/dists/gradle-4.1-all/bzyivzo6n839fup2jbap0tjew/gradle-4.1/lib/gradle-installation-beacon-4.1.jar
7f533c0b7000-7f533c0f7000 r--s 00277000 08:01 3425539                    /home/everton/.gradle/wrapper/dists/gradle-4.1-all/bzyivzo6n839fup2jbap0tjew/gradle-4.1/lib/plugins/bcprov-jdk15on-1.51.jar
7f533c0f7000-7f533c0fb000 r--s 0001d000 08:01 3425538                    /home/everton/.gradle/wrapper/dists/gradle-4.1-all/bzyivzo6n839fup2jbap0tjew/gradle-4.1/lib/plugins/xbean-reflect-3.4.jar
7f533c0fb000-7f533c0fd000 r--s 0000a000 08:01 3425540                    /home/everton/.gradle/wrapper/dists/gradle-4.1-all/bzyivzo6n839fup2jbap0tjew/gradle-4.1/lib/plugins/maven-settings-3.0.4.jar
7f533c0fd000-7f533c100000 r--s 00008000 08:01 3425541                    /home/everton/.gradle/wrapper/dists/gradle-4.1-all/bzyivzo6n839fup2jbap0tjew/gradle-4.1/lib/plugins/maven-settings-builder-3.0.4.jar
7f533c100000-7f533c104000 r--s 00033000 08:01 3425542                    /home/everton/.gradle/wrapper/dists/gradle-4.1-all/bzyivzo6n839fup2jbap0tjew/gradle-4.1/lib/plugins/plexus-utils-2.0.6.jar
7f533c104000-7f533c106000 r--s 0000d000 08:01 3425543                    /home/everton/.gradle/wrapper/dists/gradle-4.1-all/bzyivzo6n839fup2jbap0tjew/gradle-4.1/lib/plugins/plexus-interpolation-1.14.jar
7f533c106000-7f533c108000 r--s 00000000 08:01 3425518                    /home/everton/.gradle/wrapper/dists/gradle-4.1-all/bzyivzo6n839fup2jbap0tjew/gradle-4.1/lib/plugins/plexus-component-annotations-1.5.5.jar
7f533c108000-7f533c10f000 r--s 0002e000 08:01 3425544                    /home/everton/.gradle/wrapper/dists/gradle-4.1-all/bzyivzo6n839fup2jbap0tjew/gradle-4.1/lib/plugins/plexus-container-default-1.5.5.jar
7f533c10f000-7f533c111000 r--s 0000a000 08:01 3425545                    /home/everton/.gradle/wrapper/dists/gradle-4.1-all/bzyivzo6n839fup2jbap0tjew/gradle-4.1/lib/plugins/plexus-classworlds-2.4.jar
7f533c111000-7f533c113000 r--s 00002000 08:01 3425546                    /home/everton/.gradle/wrapper/dists/gradle-4.1-all/bzyivzo6n839fup2jbap0tjew/gradle-4.1/lib/plugins/plexus-cipher-1.7.jar
7f533c113000-7f533c114000 r--s 00006000 08:01 3425547                    /home/everton/.gradle/wrapper/dists/gradle-4.1-all/bzyivzo6n839fup2jbap0tjew/gradle-4.1/lib/plugins/plexus-sec-dispatcher-1.3.jar
7f533c114000-7f533c11a000 r--s 0003f000 08:01 3425548                    /home/everton/.gradle/wrapper/dists/gradle-4.1-all/bzyivzo6n839fup2jbap0tjew/gradle-4.1/lib/plugins/maven-compat-3.0.4.jar
7f533c11a000-7f533c11e000 r--s 00021000 08:01 3425549                    /home/everton/.gradle/wrapper/dists/gradle-4.1-all/bzyivzo6n839fup2jbap0tjew/gradle-4.1/lib/plugins/maven-model-builder-3.0.4.jar
7f533c11e000-7f533c120000 r--s 00026000 08:01 3425550                    /home/everton/.gradle/wrapper/dists/gradle-4.1-all/bzyivzo6n839fup2jbap0tjew/gradle-4.1/lib/plugins/maven-model-3.0.4.jar
7f533c120000-7f533c122000 r--s 0000b000 08:01 3425551                    /home/everton/.gradle/wrapper/dists/gradle-4.1-all/bzyivzo6n839fup2jbap0tjew/gradle-4.1/lib/plugins/maven-artifact-3.0.4.jar
7f533c122000-7f533c124000 r--s 00006000 08:01 3425552                    /home/everton/.gradle/wrapper/dists/gradle-4.1-all/bzyivzo6n839fup2jbap0tjew/gradle-4.1/lib/plugins/maven-repository-metadata-3.0.4.jar
7f533c124000-7f533c126000 r--s 0000b000 08:01 3425553                    /home/everton/.gradle/wrapper/dists/gradle-4.1-all/bzyivzo6n839fup2jbap0tjew/gradle-4.1/lib/plugins/maven-plugin-api-3.0.4.jar
7f533c126000-7f533c128000 r--s 0000c000 08:01 3425554                    /home/everton/.gradle/wrapper/dists/gradle-4.1-all/bzyivzo6n839fup2jbap0tjew/gradle-4.1/lib/plugins/maven-aether-provider-3.0.4.jar
7f533c128000-7f533c129000 r--s 00002000 08:01 3425555                    /home/everton/.gradle/wrapper/dists/gradle-4.1-all/bzyivzo6n839fup2jbap0tjew/gradle-4.1/lib/plugins/wagon-file-2.4.jar
7f533c129000-7f533c12a000 r--s 00002000 08:01 3425556                    /home/everton/.gradle/wrapper/dists/gradle-4.1-all/bzyivzo6n839fup2jbap0tjew/gradle-4.1/lib/plugins/wagon-http-2.4.jar
7f533c12a000-7f533c12c000 r--s 0000b000 08:01 3425557                    /home/everton/.gradle/wrapper/dists/gradle-4.1-all/bzyivzo6n839fup2jbap0tjew/gradle-4.1/lib/plugins/wagon-provider-api-2.4.jar
7f533c12c000-7f533c12f000 r--s 00013000 08:01 3425559                    /home/everton/.gradle/wrapper/dists/gradle-4.1-all/bzyivzo6n839fup2jbap0tjew/gradle-4.1/lib/plugins/aether-api-1.13.1.jar
7f533c12f000-7f533c13b000 r--s 0007d000 08:01 3425515                    /home/everton/.gradle/wrapper/dists/gradle-4.1-all/bzyivzo6n839fup2jbap0tjew/gradle-4.1/lib/plugins/maven-core-3.0.4.jar
7f533c13b000-7f533c15f000 r--s 0011a000 08:01 3425510                    /home/everton/.gradle/wrapper/dists/gradle-4.1-all/bzyivzo6n839fup2jbap0tjew/gradle-4.1/lib/plugins/gradle-dependency-management-4.1.jar
7f533c15f000-7f533c175000 r-xp 00000000 08:01 1578031                    /lib/x86_64-linux-gnu/libgcc_s.so.1
7f533c175000-7f533c374000 ---p 00016000 08:01 1578031                    /lib/x86_64-linux-gnu/libgcc_s.so.1
7f533c374000-7f533c375000 rw-p 00015000 08:01 1578031                    /lib/x86_64-linux-gnu/libgcc_s.so.1
7f533c375000-7f533c376000 r--s 00007000 08:01 3425558                    /home/everton/.gradle/wrapper/dists/gradle-4.1-all/bzyivzo6n839fup2jbap0tjew/gradle-4.1/lib/plugins/wagon-http-shared4-2.4.jar
7f533c376000-7f533c379000 r--s 0001d000 08:01 3425560                    /home/everton/.gradle/wrapper/dists/gradle-4.1-all/bzyivzo6n839fup2jbap0tjew/gradle-4.1/lib/plugins/aether-impl-1.13.1.jar
7f533c379000-7f533c37a000 r--s 00003000 08:01 3425561                    /home/everton/.gradle/wrapper/dists/gradle-4.1-all/bzyivzo6n839fup2jbap0tjew/gradle-4.1/lib/plugins/aether-spi-1.13.1.jar
7f533c37a000-7f533c37e000 r--s 0001c000 08:01 3425562                    /home/everton/.gradle/wrapper/dists/gradle-4.1-all/bzyivzo6n839fup2jbap0tjew/gradle-4.1/lib/plugins/aether-util-1.13.1.jar
7f533c37e000-7f533c383000 r--s 00034000 08:01 3425522                    /home/everton/.gradle/wrapper/dists/gradle-4.1-all/bzyivzo6n839fup2jbap0tjew/gradle-4.1/lib/plugins/gson-2.7.jar
7f533c383000-7f533c388000 r--s 00040000 08:01 3425530                    /home/everton/.gradle/wrapper/dists/gradle-4.1-all/bzyivzo6n839fup2jbap0tjew/gradle-4.1/lib/plugins/jsch-0.1.54.jar
7f533c388000-7f533c397000 r--s 000d9000 08:01 3425529                    /home/everton/.gradle/wrapper/dists/gradle-4.1-all/bzyivzo6n839fup2jbap0tjew/gradle-4.1/lib/plugins/ivy-2.2.0.jar
7f533c397000-7f533c39c000 r-xp 00000000 08:01 3426711                    /home/everton/.gradle/native/25/linux-amd64/libnative-platform.so
7f533c39c000-7f533c59b000 ---p 00005000 08:01 3426711                    /home/everton/.gradle/native/25/linux-amd64/libnative-platform.so
7f533c59b000-7f533c59c000 rw-p 00004000 08:01 3426711                    /home/everton/.gradle/native/25/linux-amd64/libnative-platform.so
7f533c59c000-7f533c5ad000 r-xp 00000000 08:01 795805                     /opt/android-studio/jre/jre/lib/amd64/libnio.so
7f533c5ad000-7f533c7ac000 ---p 00011000 08:01 795805                     /opt/android-studio/jre/jre/lib/amd64/libnio.so
7f533c7ac000-7f533c7ad000 r--p 00010000 08:01 795805                     /opt/android-studio/jre/jre/lib/amd64/libnio.so
7f533c7ad000-7f533c7ae000 rw-p 00011000 08:01 795805                     /opt/android-studio/jre/jre/lib/amd64/libnio.so
7f533c7ae000-7f533f7af000 rw-p 00000000 00:00 0 
7f533f7af000-7f533f7c5000 r-xp 00000000 08:01 795808                     /opt/android-studio/jre/jre/lib/amd64/libnet.so
7f533f7c5000-7f533f9c5000 ---p 00016000 08:01 795808                     /opt/android-studio/jre/jre/lib/amd64/libnet.so
7f533f9c5000-7f533f9c6000 r--p 00016000 08:01 795808                     /opt/android-studio/jre/jre/lib/amd64/libnet.so
7f533f9c6000-7f533f9c7000 rw-p 00017000 08:01 795808                     /opt/android-studio/jre/jre/lib/amd64/libnet.so
7f533f9c7000-7f533f9d1000 r--s 00116000 08:01 795837                     /opt/android-studio/jre/jre/lib/ext/localedata.jar
7f533f9d1000-7f533f9ed000 r--s 00393000 08:01 795843                     /opt/android-studio/jre/jre/lib/ext/cldrdata.jar
7f533f9ed000-7f533f9fa000 r--s 00043000 08:01 3425416                    /home/everton/.gradle/wrapper/dists/gradle-4.1-all/bzyivzo6n839fup2jbap0tjew/gradle-4.1/lib/gradle-tooling-api-4.1.jar
7f533f9fa000-7f533fa09000 r--s 000c8000 08:01 3425413                    /home/everton/.gradle/wrapper/dists/gradle-4.1-all/bzyivzo6n839fup2jbap0tjew/gradle-4.1/lib/kotlin-stdlib-1.1.3-2.jar
7f533fa09000-7f533fa3b000 r--s 0021b000 08:01 3425412                    /home/everton/.gradle/wrapper/dists/gradle-4.1-all/bzyivzo6n839fup2jbap0tjew/gradle-4.1/lib/kotlin-reflect-1.1.3-2.jar
7f533fa3b000-7f533fbf2000 r--s 01786000 08:01 3425411                    /home/everton/.gradle/wrapper/dists/gradle-4.1-all/bzyivzo6n839fup2jbap0tjew/gradle-4.1/lib/kotlin-compiler-embeddable-1.1.3-2.jar
7f533fbf2000-7f533fbfc000 r--s 00073000 08:01 3425407                    /home/everton/.gradle/wrapper/dists/gradle-4.1-all/bzyivzo6n839fup2jbap0tjew/gradle-4.1/lib/gradle-kotlin-dsl-0.10.3.jar
7f533fbfc000-7f533fbfd000 ---p 00000000 00:00 0 
7f533fbfd000-7f533fcfd000 rw-p 00000000 00:00 0 
7f533fcfd000-7f533fd00000 ---p 00000000 00:00 0 
7f533fd00000-7f533fdfe000 rw-p 00000000 00:00 0 
7f533fdfe000-7f533fe01000 ---p 00000000 00:00 0 
7f533fe01000-7f533feff000 rw-p 00000000 00:00 0 
7f533feff000-7f533ff02000 ---p 00000000 00:00 0 
7f533ff02000-7f5340000000 rw-p 00000000 00:00 0 
7f5340000000-7f5340021000 rw-p 00000000 00:00 0 
7f5340021000-7f5344000000 ---p 00000000 00:00 0 
7f5344000000-7f5344002000 r--s 00006000 08:01 3425563                    /home/everton/.gradle/wrapper/dists/gradle-4.1-all/bzyivzo6n839fup2jbap0tjew/gradle-4.1/lib/plugins/aether-connector-wagon-1.13.1.jar
7f5344002000-7f5344005000 r--s 0000d000 08:01 3425509                    /home/everton/.gradle/wrapper/dists/gradle-4.1-all/bzyivzo6n839fup2jbap0tjew/gradle-4.1/lib/plugins/gradle-workers-4.1.jar
7f5344005000-7f5344006000 r--s 00006000 08:01 3425417                    /home/everton/.gradle/wrapper/dists/gradle-4.1-all/bzyivzo6n839fup2jbap0tjew/gradle-4.1/lib/gradle-wrapper-4.1.jar
7f5344006000-7f5344007000 r--s 00000000 08:01 3425410                    /home/everton/.gradle/wrapper/dists/gradle-4.1-all/bzyivzo6n839fup2jbap0tjew/gradle-4.1/lib/gradle-kotlin-dsl-tooling-models-0.10.3.jar
7f5344007000-7f5344009000 r--s 00003000 08:01 3425406                    /home/everton/.gradle/wrapper/dists/gradle-4.1-all/bzyivzo6n839fup2jbap0tjew/gradle-4.1/lib/annotations-13.0.jar
7f5344009000-7f534400e000 r--s 00013000 08:01 3425423                    /home/everton/.gradle/wrapper/dists/gradle-4.1-all/bzyivzo6n839fup2jbap0tjew/gradle-4.1/lib/gradle-resources-4.1.jar
7f534400e000-7f5344010000 r--s 00005000 08:01 3425430                    /home/everton/.gradle/wrapper/dists/gradle-4.1-all/bzyivzo6n839fup2jbap0tjew/gradle-4.1/lib/gradle-cli-4.1.jar
7f5344010000-7f5344012000 r--s 00003000 08:01 3425437                    /home/everton/.gradle/wrapper/dists/gradle-4.1-all/bzyivzo6n839fup2jbap0tjew/gradle-4.1/lib/jcl-over-slf4j-1.7.10.jar
7f5344012000-7f5344019000 r--s 0002c000 08:01 3425421                    /home/everton/.gradle/wrapper/dists/gradle-4.1-all/bzyivzo6n839fup2jbap0tjew/gradle-4.1/lib/gradle-logging-4.1.jar
7f5344019000-7f534401c000 ---p 00000000 00:00 0 
7f534401c000-7f534411a000 rw-p 00000000 00:00 0 
7f534411a000-7f534411d000 ---p 00000000 00:00 0 
7f534411d000-7f534421b000 rw-p 00000000 00:00 0 
7f534421b000-7f53444f5000 r--p 00000000 08:01 526105                     /usr/lib/locale/locale-archive
7f53444f5000-7f53444f8000 ---p 00000000 00:00 0 
7f53444f8000-7f53445f6000 rw-p 00000000 00:00 0 
7f53445f6000-7f53445f9000 ---p 00000000 00:00 0 
7f53445f9000-7f53446f7000 rw-p 00000000 00:00 0 
7f53446f7000-7f53446f8000 ---p 00000000 00:00 0 
7f53446f8000-7f5348000000 rw-p 00000000 00:00 0 
7f5348000000-7f5348036000 rw-p 00000000 00:00 0 
7f5348036000-7f534c000000 ---p 00000000 00:00 0 
7f534c000000-7f534c001000 r--s 00001000 08:01 3425408                    /home/everton/.gradle/wrapper/dists/gradle-4.1-all/bzyivzo6n839fup2jbap0tjew/gradle-4.1/lib/gradle-kotlin-dsl-compiler-plugin-0.10.3.jar
7f534c001000-7f534c002000 r--s 00005000 08:01 3425436                    /home/everton/.gradle/wrapper/dists/gradle-4.1-all/bzyivzo6n839fup2jbap0tjew/gradle-4.1/lib/log4j-over-slf4j-1.7.10.jar
7f534c002000-7f534c004000 r--s 00000000 08:01 3425435                    /home/everton/.gradle/wrapper/dists/gradle-4.1-all/bzyivzo6n839fup2jbap0tjew/gradle-4.1/lib/jul-to-slf4j-1.7.10.jar
7f534c004000-7f534c014000 r--s 00082000 08:01 3425426                    /home/everton/.gradle/wrapper/dists/gradle-4.1-all/bzyivzo6n839fup2jbap0tjew/gradle-4.1/lib/gradle-model-core-4.1.jar
7f534c014000-7f534c016000 r--s 00006000 08:01 3425427                    /home/everton/.gradle/wrapper/dists/gradle-4.1-all/bzyivzo6n839fup2jbap0tjew/gradle-4.1/lib/gradle-base-services-groovy-4.1.jar
7f534c016000-7f534c018000 r--s 00007000 08:01 3425425                    /home/everton/.gradle/wrapper/dists/gradle-4.1-all/bzyivzo6n839fup2jbap0tjew/gradle-4.1/lib/gradle-model-groovy-4.1.jar
7f534c018000-7f534c019000 r--s 00002000 08:01 3425448                    /home/everton/.gradle/wrapper/dists/gradle-4.1-all/bzyivzo6n839fup2jbap0tjew/gradle-4.1/lib/gradle-docs-4.1.jar
7f534c019000-7f534c026000 r--s 00083000 08:01 3425446                    /home/everton/.gradle/wrapper/dists/gradle-4.1-all/bzyivzo6n839fup2jbap0tjew/gradle-4.1/lib/commons-collections-3.2.2.jar
7f534c026000-7f534c027000 r--s 00000000 08:01 3425445                    /home/everton/.gradle/wrapper/dists/gradle-4.1-all/bzyivzo6n839fup2jbap0tjew/gradle-4.1/lib/javax.inject-1.jar
7f534c027000-7f534c097000 r--s 00645000 08:01 3425443                    /home/everton/.gradle/wrapper/dists/gradle-4.1-all/bzyivzo6n839fup2jbap0tjew/gradle-4.1/lib/groovy-all-2.4.11.jar
7f534c097000-7f534c09a000 r--s 00023000 08:01 3425449                    /home/everton/.gradle/wrapper/dists/gradle-4.1-all/bzyivzo6n839fup2jbap0tjew/gradle-4.1/lib/jansi-1.14.jar
7f534c09a000-7f534c09b000 r--s 00004000 08:01 3425451                    /home/everton/.gradle/wrapper/dists/gradle-4.1-all/bzyivzo6n839fup2jbap0tjew/gradle-4.1/lib/native-platform-freebsd-amd64-libcpp-0.14.jar
7f534c09b000-7f534c09c000 r--s 00004000 08:01 3425452                    /home/everton/.gradle/wrapper/dists/gradle-4.1-all/bzyivzo6n839fup2jbap0tjew/gradle-4.1/lib/native-platform-freebsd-amd64-libstdcpp-0.14.jar
7f534c09c000-7f534c09d000 r--s 00004000 08:01 3425453                    /home/everton/.gradle/wrapper/dists/gradle-4.1-all/bzyivzo6n839fup2jbap0tjew/gradle-4.1/lib/native-platform-freebsd-i386-libcpp-0.14.jar
7f534c09d000-7f534c09e000 r--s 00003000 08:01 3425454                    /home/everton/.gradle/wrapper/dists/gradle-4.1-all/bzyivzo6n839fup2jbap0tjew/gradle-4.1/lib/native-platform-freebsd-i386-libstdcpp-0.14.jar
7f534c09e000-7f534c09f000 r--s 00002000 08:01 3425455                    /home/everton/.gradle/wrapper/dists/gradle-4.1-all/bzyivzo6n839fup2jbap0tjew/gradle-4.1/lib/native-platform-linux-amd64-0.14.jar
7f534c09f000-7f534c0a0000 r--s 00002000 08:01 3425456                    /home/everton/.gradle/wrapper/dists/gradle-4.1-all/bzyivzo6n839fup2jbap0tjew/gradle-4.1/lib/native-platform-linux-i386-0.14.jar
7f534c0a0000-7f534c0a2000 r--s 00002000 08:01 3425457                    /home/everton/.gradle/wrapper/dists/gradle-4.1-all/bzyivzo6n839fup2jbap0tjew/gradle-4.1/lib/native-platform-osx-amd64-0.14.jar
7f534c0a2000-7f534c0a3000 r--s 00003000 08:01 3425458                    /home/everton/.gradle/wrapper/dists/gradle-4.1-all/bzyivzo6n839fup2jbap0tjew/gradle-4.1/lib/native-platform-osx-i386-0.14.jar
7f534c0a3000-7f534c0a5000 r--s 0000b000 08:01 3425459                    /home/everton/.gradle/wrapper/dists/gradle-4.1-all/bzyivzo6n839fup2jbap0tjew/gradle-4.1/lib/native-platform-windows-amd64-0.14.jar
7f534c0a5000-7f534c0a6000 r--s 0000b000 08:01 3425460                    /home/everton/.gradle/wrapper/dists/gradle-4.1-all/bzyivzo6n839fup2jbap0tjew/gradle-4.1/lib/native-platform-windows-i386-0.14.jar
7f534c0a6000-7f534c0a7000 r--s 00001000 08:01 3425461                    /home/everton/.gradle/wrapper/dists/gradle-4.1-all/bzyivzo6n839fup2jbap0tjew/gradle-4.1/lib/native-platform-linux-amd64-ncurses5-0.14.jar
7f534c0a7000-7f534c0a8000 r--s 00001000 08:01 3425462                    /home/everton/.gradle/wrapper/dists/gradle-4.1-all/bzyivzo6n839fup2jbap0tjew/gradle-4.1/lib/native-platform-linux-amd64-ncurses6-0.14.jar
7f534c0a8000-7f534c0a9000 r--s 00001000 08:01 3425463                    /home/everton/.gradle/wrapper/dists/gradle-4.1-all/bzyivzo6n839fup2jbap0tjew/gradle-4.1/lib/native-platform-linux-i386-ncurses5-0.14.jar
7f534c0a9000-7f534c0ad000 r--s 00012000 08:01 3425447                    /home/everton/.gradle/wrapper/dists/gradle-4.1-all/bzyivzo6n839fup2jbap0tjew/gradle-4.1/lib/native-platform-0.14.jar
7f534c0ad000-7f534c0b0000 r--s 0000c000 08:01 3425424                    /home/everton/.gradle/wrapper/dists/gradle-4.1-all/bzyivzo6n839fup2jbap0tjew/gradle-4.1/lib/gradle-native-4.1.jar
7f534c0b0000-7f534c0b2000 r--s 0000f000 08:01 3425432                    /home/everton/.gradle/wrapper/dists/gradle-4.1-all/bzyivzo6n839fup2jbap0tjew/gradle-4.1/lib/reflectasm-1.07-shaded.jar
7f534c0b2000-7f534c0da000 r--s 001cf000 08:01 3425439                    /home/everton/.gradle/wrapper/dists/gradle-4.1-all/bzyivzo6n839fup2jbap0tjew/gradle-4.1/lib/guava-jdk5-17.0.jar
7f534c0da000-7f534c0f9000 r--s 001d1000 08:01 3425444                    /home/everton/.gradle/wrapper/dists/gradle-4.1-all/bzyivzo6n839fup2jbap0tjew/gradle-4.1/lib/ant-1.9.6.jar
7f534c0f9000-7f534d000000 rw-p 00000000 00:00 0 
7f534d000000-7f534ee00000 rwxp 00000000 00:00 0 
7f534ee00000-7f535c000000 ---p 00000000 00:00 0 
7f535c000000-7f535ccdd000 rw-p 00000000 00:00 0 
7f535ccdd000-7f5360000000 ---p 00000000 00:00 0 
7f5360000000-7f5360002000 r--s 00000000 08:01 3425465                    /home/everton/.gradle/wrapper/dists/gradle-4.1-all/bzyivzo6n839fup2jbap0tjew/gradle-4.1/lib/minlog-1.2.jar
7f5360002000-7f5360004000 r--s 00007000 08:01 3425466                    /home/everton/.gradle/wrapper/dists/gradle-4.1-all/bzyivzo6n839fup2jbap0tjew/gradle-4.1/lib/objenesis-1.2.jar
7f5360004000-7f5360008000 r--s 00026000 08:01 3425431                    /home/everton/.gradle/wrapper/dists/gradle-4.1-all/bzyivzo6n839fup2jbap0tjew/gradle-4.1/lib/kryo-2.20.jar
7f5360008000-7f536000e000 r--s 0002b000 08:01 3425428                    /home/everton/.gradle/wrapper/dists/gradle-4.1-all/bzyivzo6n839fup2jbap0tjew/gradle-4.1/lib/gradle-messaging-4.1.jar
7f536000e000-7f5360010000 r--s 00006000 08:01 3425422                    /home/everton/.gradle/wrapper/dists/gradle-4.1-all/bzyivzo6n839fup2jbap0tjew/gradle-4.1/lib/gradle-process-services-4.1.jar
7f5360010000-7f5360015000 r--s 00041000 08:01 3425441                    /home/everton/.gradle/wrapper/dists/gradle-4.1-all/bzyivzo6n839fup2jbap0tjew/gradle-4.1/lib/commons-lang-2.6.jar
7f5360015000-7f536005f000 r--s 00253000 08:01 3425419                    /home/everton/.gradle/wrapper/dists/gradle-4.1-all/bzyivzo6n839fup2jbap0tjew/gradle-4.1/lib/gradle-core-4.1.jar
7f536005f000-7f5360131000 rw-p 00000000 00:00 0 
7f5360131000-7f5360301000 r--s 03c46000 08:01 795760                     /opt/android-studio/jre/jre/lib/rt.jar
7f5360301000-7f5360677000 rw-p 00000000 00:00 0 
7f5360677000-7f5360678000 ---p 00000000 00:00 0 
7f5360678000-7f5360778000 rw-p 00000000 00:00 0 
7f5360778000-7f5360779000 ---p 00000000 00:00 0 
7f5360779000-7f5360879000 rw-p 00000000 00:00 0 
7f5360879000-7f536087a000 ---p 00000000 00:00 0 
7f536087a000-7f536097a000 rw-p 00000000 00:00 0 
7f536097a000-7f536097b000 ---p 00000000 00:00 0 
7f536097b000-7f5360aa5000 rw-p 00000000 00:00 0 
7f5360aa5000-7f5360c7b000 ---p 00000000 00:00 0 
7f5360c7b000-7f5360ca5000 rw-p 00000000 00:00 0 
7f5360ca5000-7f5360e7b000 ---p 00000000 00:00 0 
7f5360e7b000-7f5360ed8000 rw-p 00000000 00:00 0 
7f5360ed8000-7f5360f7b000 ---p 00000000 00:00 0 
7f5360f7b000-7f5360ff4000 rw-p 00000000 00:00 0 
7f5360ff4000-7f536133c000 ---p 00000000 00:00 0 
7f536133c000-7f5361356000 r-xp 00000000 08:01 795782                     /opt/android-studio/jre/jre/lib/amd64/libzip.so
7f5361356000-7f5361556000 ---p 0001a000 08:01 795782                     /opt/android-studio/jre/jre/lib/amd64/libzip.so
7f5361556000-7f5361557000 r--p 0001a000 08:01 795782                     /opt/android-studio/jre/jre/lib/amd64/libzip.so
7f5361557000-7f5361558000 rw-p 0001b000 08:01 795782                     /opt/android-studio/jre/jre/lib/amd64/libzip.so
7f5361558000-7f5361563000 r-xp 00000000 08:01 1574383                    /lib/x86_64-linux-gnu/libnss_files-2.23.so
7f5361563000-7f5361762000 ---p 0000b000 08:01 1574383                    /lib/x86_64-linux-gnu/libnss_files-2.23.so
7f5361762000-7f5361763000 r--p 0000a000 08:01 1574383                    /lib/x86_64-linux-gnu/libnss_files-2.23.so
7f5361763000-7f5361764000 rw-p 0000b000 08:01 1574383                    /lib/x86_64-linux-gnu/libnss_files-2.23.so
7f5361764000-7f536176a000 rw-p 00000000 00:00 0 
7f536176a000-7f5361775000 r-xp 00000000 08:01 1574390                    /lib/x86_64-linux-gnu/libnss_nis-2.23.so
7f5361775000-7f5361974000 ---p 0000b000 08:01 1574390                    /lib/x86_64-linux-gnu/libnss_nis-2.23.so
7f5361974000-7f5361975000 r--p 0000a000 08:01 1574390                    /lib/x86_64-linux-gnu/libnss_nis-2.23.so
7f5361975000-7f5361976000 rw-p 0000b000 08:01 1574390                    /lib/x86_64-linux-gnu/libnss_nis-2.23.so
7f5361976000-7f536198c000 r-xp 00000000 08:01 1573242                    /lib/x86_64-linux-gnu/libnsl-2.23.so
7f536198c000-7f5361b8b000 ---p 00016000 08:01 1573242                    /lib/x86_64-linux-gnu/libnsl-2.23.so
7f5361b8b000-7f5361b8c000 r--p 00015000 08:01 1573242                    /lib/x86_64-linux-gnu/libnsl-2.23.so
7f5361b8c000-7f5361b8d000 rw-p 00016000 08:01 1573242                    /lib/x86_64-linux-gnu/libnsl-2.23.so
7f5361b8d000-7f5361b8f000 rw-p 00000000 00:00 0 
7f5361b8f000-7f5361b97000 r-xp 00000000 08:01 1573461                    /lib/x86_64-linux-gnu/libnss_compat-2.23.so
7f5361b97000-7f5361d96000 ---p 00008000 08:01 1573461                    /lib/x86_64-linux-gnu/libnss_compat-2.23.so
7f5361d96000-7f5361d97000 r--p 00007000 08:01 1573461                    /lib/x86_64-linux-gnu/libnss_compat-2.23.so
7f5361d97000-7f5361d98000 rw-p 00008000 08:01 1573461                    /lib/x86_64-linux-gnu/libnss_compat-2.23.so
7f5361d98000-7f5361dc5000 r-xp 00000000 08:01 795781                     /opt/android-studio/jre/jre/lib/amd64/libjava.so
7f5361dc5000-7f5361fc4000 ---p 0002d000 08:01 795781                     /opt/android-studio/jre/jre/lib/amd64/libjava.so
7f5361fc4000-7f5361fc5000 r--p 0002c000 08:01 795781                     /opt/android-studio/jre/jre/lib/amd64/libjava.so
7f5361fc5000-7f5361fc7000 rw-p 0002d000 08:01 795781                     /opt/android-studio/jre/jre/lib/amd64/libjava.so
7f5361fc7000-7f5361fd7000 r-xp 00000000 08:01 795787                     /opt/android-studio/jre/jre/lib/amd64/libverify.so
7f5361fd7000-7f53621d6000 ---p 00010000 08:01 795787                     /opt/android-studio/jre/jre/lib/amd64/libverify.so
7f53621d6000-7f53621d8000 r--p 0000f000 08:01 795787                     /opt/android-studio/jre/jre/lib/amd64/libverify.so
7f53621d8000-7f53621d9000 rw-p 00011000 08:01 795787                     /opt/android-studio/jre/jre/lib/amd64/libverify.so
7f53621d9000-7f53621e0000 r-xp 00000000 08:01 1574391                    /lib/x86_64-linux-gnu/librt-2.23.so
7f53621e0000-7f53623df000 ---p 00007000 08:01 1574391                    /lib/x86_64-linux-gnu/librt-2.23.so
7f53623df000-7f53623e0000 r--p 00006000 08:01 1574391                    /lib/x86_64-linux-gnu/librt-2.23.so
7f53623e0000-7f53623e1000 rw-p 00007000 08:01 1574391                    /lib/x86_64-linux-gnu/librt-2.23.so
7f53623e1000-7f53624e9000 r-xp 00000000 08:01 1573241                    /lib/x86_64-linux-gnu/libm-2.23.so
7f53624e9000-7f53626e8000 ---p 00108000 08:01 1573241                    /lib/x86_64-linux-gnu/libm-2.23.so
7f53626e8000-7f53626e9000 r--p 00107000 08:01 1573241                    /lib/x86_64-linux-gnu/libm-2.23.so
7f53626e9000-7f53626ea000 rw-p 00108000 08:01 1573241                    /lib/x86_64-linux-gnu/libm-2.23.so
7f53626ea000-7f53632e2000 r-xp 00000000 08:01 795791                     /opt/android-studio/jre/jre/lib/amd64/server/libjvm.so
7f53632e2000-7f53634e2000 ---p 00bf8000 08:01 795791                     /opt/android-studio/jre/jre/lib/amd64/server/libjvm.so
7f53634e2000-7f5363581000 r--p 00bf8000 08:01 795791                     /opt/android-studio/jre/jre/lib/amd64/server/libjvm.so
7f5363581000-7f53635aa000 rw-p 00c97000 08:01 795791                     /opt/android-studio/jre/jre/lib/amd64/server/libjvm.so
7f53635aa000-7f53635ee000 rw-p 00000000 00:00 0 
7f53635ee000-7f5363606000 r-xp 00000000 08:01 1573247                    /lib/x86_64-linux-gnu/libpthread-2.23.so
7f5363606000-7f5363805000 ---p 00018000 08:01 1573247                    /lib/x86_64-linux-gnu/libpthread-2.23.so
7f5363805000-7f5363806000 r--p 00017000 08:01 1573247                    /lib/x86_64-linux-gnu/libpthread-2.23.so
7f5363806000-7f5363807000 rw-p 00018000 08:01 1573247                    /lib/x86_64-linux-gnu/libpthread-2.23.so
7f5363807000-7f536380b000 rw-p 00000000 00:00 0 
7f536380b000-7f536380e000 r-xp 00000000 08:01 1573323                    /lib/x86_64-linux-gnu/libdl-2.23.so
7f536380e000-7f5363a0d000 ---p 00003000 08:01 1573323                    /lib/x86_64-linux-gnu/libdl-2.23.so
7f5363a0d000-7f5363a0e000 r--p 00002000 08:01 1573323                    /lib/x86_64-linux-gnu/libdl-2.23.so
7f5363a0e000-7f5363a0f000 rw-p 00003000 08:01 1573323                    /lib/x86_64-linux-gnu/libdl-2.23.so
7f5363a0f000-7f5363bcf000 r-xp 00000000 08:01 1573249                    /lib/x86_64-linux-gnu/libc-2.23.so
7f5363bcf000-7f5363dcf000 ---p 001c0000 08:01 1573249                    /lib/x86_64-linux-gnu/libc-2.23.so
7f5363dcf000-7f5363dd3000 r--p 001c0000 08:01 1573249                    /lib/x86_64-linux-gnu/libc-2.23.so
7f5363dd3000-7f5363dd5000 rw-p 001c4000 08:01 1573249                    /lib/x86_64-linux-gnu/libc-2.23.so
7f5363dd5000-7f5363dd9000 rw-p 00000000 00:00 0 
7f5363dd9000-7f5363def000 r-xp 00000000 08:01 795728                     /opt/android-studio/jre/lib/amd64/jli/libjli.so
7f5363def000-7f5363fee000 ---p 00016000 08:01 795728                     /opt/android-studio/jre/lib/amd64/jli/libjli.so
7f5363fee000-7f5363fef000 r--p 00015000 08:01 795728                     /opt/android-studio/jre/lib/amd64/jli/libjli.so
7f5363fef000-7f5363ff0000 rw-p 00016000 08:01 795728                     /opt/android-studio/jre/lib/amd64/jli/libjli.so
7f5363ff0000-7f5364016000 r-xp 00000000 08:01 1573245                    /lib/x86_64-linux-gnu/ld-2.23.so
7f5364016000-7f5364017000 r--s 00001000 08:01 3425464                    /home/everton/.gradle/wrapper/dists/gradle-4.1-all/bzyivzo6n839fup2jbap0tjew/gradle-4.1/lib/native-platform-linux-i386-ncurses6-0.14.jar
7f5364017000-7f5364019000 r--s 00000000 08:01 3425420                    /home/everton/.gradle/wrapper/dists/gradle-4.1-all/bzyivzo6n839fup2jbap0tjew/gradle-4.1/lib/gradle-jvm-services-4.1.jar
7f5364019000-7f536401a000 r--s 00000000 08:01 3425442                    /home/everton/.gradle/wrapper/dists/gradle-4.1-all/bzyivzo6n839fup2jbap0tjew/gradle-4.1/lib/jcip-annotations-1.0.jar
7f536401a000-7f536401d000 r--s 00006000 08:01 3425440                    /home/everton/.gradle/wrapper/dists/gradle-4.1-all/bzyivzo6n839fup2jbap0tjew/gradle-4.1/lib/jsr305-1.3.9.jar
7f536401d000-7f536401e000 r--s 00007000 08:01 3425438                    /home/everton/.gradle/wrapper/dists/gradle-4.1-all/bzyivzo6n839fup2jbap0tjew/gradle-4.1/lib/slf4j-api-1.7.10.jar
7f536401e000-7f5364022000 r--s 00027000 08:01 3425434                    /home/everton/.gradle/wrapper/dists/gradle-4.1-all/bzyivzo6n839fup2jbap0tjew/gradle-4.1/lib/commons-io-2.2.jar
7f5364022000-7f536402a000 r--s 000bd000 08:01 3425433                    /home/everton/.gradle/wrapper/dists/gradle-4.1-all/bzyivzo6n839fup2jbap0tjew/gradle-4.1/lib/asm-debug-all-6.0_ALPHA.jar
7f536402a000-7f536402b000 r--s 00004000 08:01 3425450                    /home/everton/.gradle/wrapper/dists/gradle-4.1-all/bzyivzo6n839fup2jbap0tjew/gradle-4.1/lib/ant-launcher-1.9.6.jar
7f536402b000-7f53640ed000 rw-p 00000000 00:00 0 
7f53640ed000-7f53640f0000 ---p 00000000 00:00 0 
7f53640f0000-7f53641f2000 rw-p 00000000 00:00 0 
7f53641f2000-7f53641fe000 r--s 00053000 08:01 3425429                    /home/everton/.gradle/wrapper/dists/gradle-4.1-all/bzyivzo6n839fup2jbap0tjew/gradle-4.1/lib/gradle-base-services-4.1.jar
7f53641fe000-7f536420a000 r--s 0005c000 08:01 3425414                    /home/everton/.gradle/wrapper/dists/gradle-4.1-all/bzyivzo6n839fup2jbap0tjew/gradle-4.1/lib/gradle-launcher-4.1.jar
7f536420a000-7f5364212000 rw-s 00000000 08:01 1062386                    /tmp/hsperfdata_everton/5360
7f5364212000-7f5364213000 rw-p 00000000 00:00 0 
7f5364213000-7f5364214000 ---p 00000000 00:00 0 
7f5364214000-7f5364215000 rw-p 00000000 00:00 0 
7f5364215000-7f5364216000 r--p 00025000 08:01 1573245                    /lib/x86_64-linux-gnu/ld-2.23.so
7f5364216000-7f5364217000 rw-p 00026000 08:01 1573245                    /lib/x86_64-linux-gnu/ld-2.23.so
7f5364217000-7f5364218000 rw-p 00000000 00:00 0 
7ffc33123000-7ffc33144000 rw-p 00000000 00:00 0                          [stack]
7ffc33158000-7ffc3315b000 r--p 00000000 00:00 0                          [vvar]
7ffc3315b000-7ffc3315d000 r-xp 00000000 00:00 0                          [vdso]
ffffffffff600000-ffffffffff601000 r-xp 00000000 00:00 0                  [vsyscall]

VM Arguments:
jvm_args: -Xmx1536m -Dfile.encoding=UTF-8 -Duser.country=BR -Duser.language=pt -Duser.variant 
java_command: org.gradle.launcher.daemon.bootstrap.GradleDaemon 4.1
java_class_path (initial): /home/everton/.gradle/wrapper/dists/gradle-4.1-all/bzyivzo6n839fup2jbap0tjew/gradle-4.1/lib/gradle-launcher-4.1.jar
Launcher Type: SUN_STANDARD

Environment Variables:
PATH=/home/everton/bin:/home/everton/.local/bin:/usr/local/sbin:/usr/local/bin:/usr/sbin:/usr/bin:/sbin:/bin:/usr/games:/usr/local/games:/snap/bin
LD_LIBRARY_PATH=/opt/android-studio/bin:
SHELL=/bin/bash
DISPLAY=:0

Signal Handlers:
SIGSEGV: [libjvm.so+0x9ebc60], sa_mask[0]=11111111011111111101111111111110, sa_flags=SA_RESTART|SA_SIGINFO
SIGBUS: [libjvm.so+0x9ebc60], sa_mask[0]=11111111011111111101111111111110, sa_flags=SA_RESTART|SA_SIGINFO
SIGFPE: [libjvm.so+0x84cf60], sa_mask[0]=11111111011111111101111111111110, sa_flags=SA_RESTART|SA_SIGINFO
SIGPIPE: [libjvm.so+0x84cf60], sa_mask[0]=11111111011111111101111111111110, sa_flags=SA_RESTART|SA_SIGINFO
SIGXFSZ: [libjvm.so+0x84cf60], sa_mask[0]=11111111011111111101111111111110, sa_flags=SA_RESTART|SA_SIGINFO
SIGILL: [libjvm.so+0x84cf60], sa_mask[0]=11111111011111111101111111111110, sa_flags=SA_RESTART|SA_SIGINFO
SIGUSR1: SIG_DFL, sa_mask[0]=00000000000000000000000000000000, sa_flags=none
SIGUSR2: [libjvm.so+0x84ce30], sa_mask[0]=00100000000000000000000000000000, sa_flags=SA_RESTART|SA_SIGINFO
SIGHUP: [libjvm.so+0x84d020], sa_mask[0]=11111111011111111101111111111110, sa_flags=SA_RESTART|SA_SIGINFO
SIGINT: [libjvm.so+0x84d020], sa_mask[0]=11111111011111111101111111111110, sa_flags=SA_RESTART|SA_SIGINFO
SIGTERM: [libjvm.so+0x84d020], sa_mask[0]=11111111011111111101111111111110, sa_flags=SA_RESTART|SA_SIGINFO
SIGQUIT: [libjvm.so+0x84d020], sa_mask[0]=11111111011111111101111111111110, sa_flags=SA_RESTART|SA_SIGINFO


---------------  S Y S T E M  ---------------

OS:DISTRIB_ID=Ubuntu
DISTRIB_RELEASE=16.04
DISTRIB_CODENAME=xenial
DISTRIB_DESCRIPTION="Ubuntu 16.04.4 LTS"

uname:Linux 4.13.0-37-generic #42~16.04.1-Ubuntu SMP Wed Mar 7 16:03:28 UTC 2018 x86_64
libc:glibc 2.23 NPTL 2.23 
rlimit: STACK 8192k, CORE 0k, NPROC 14546, NOFILE 1048576, AS infinity
load average:4,00 1,75 1,16

/proc/meminfo:
MemTotal:        3776848 kB
MemFree:          102656 kB
MemAvailable:      13612 kB
Buffers:             784 kB
Cached:           546472 kB
SwapCached:            0 kB
Active:          2978748 kB
Inactive:         538424 kB
Active(anon):    2971316 kB
Inactive(anon):   526236 kB
Active(file):       7432 kB
Inactive(file):    12188 kB
Unevictable:          88 kB
Mlocked:              88 kB
SwapTotal:             0 kB
SwapFree:              0 kB
Dirty:               164 kB
Writeback:             0 kB
AnonPages:       2970176 kB
Mapped:           103140 kB
Shmem:            527496 kB
Slab:              73472 kB
SReclaimable:      36548 kB
SUnreclaim:        36924 kB
KernelStack:       10176 kB
PageTables:        40252 kB
NFS_Unstable:          0 kB
Bounce:                0 kB
WritebackTmp:          0 kB
CommitLimit:     1888424 kB
Committed_AS:    7878476 kB
VmallocTotal:   34359738367 kB
VmallocUsed:           0 kB
VmallocChunk:          0 kB
HardwareCorrupted:     0 kB
AnonHugePages:      2048 kB
ShmemHugePages:        0 kB
ShmemPmdMapped:        0 kB
CmaTotal:              0 kB
CmaFree:               0 kB
HugePages_Total:       0
HugePages_Free:        0
HugePages_Rsvd:        0
HugePages_Surp:        0
Hugepagesize:       2048 kB
DirectMap4k:       89792 kB
DirectMap2M:     3837952 kB


CPU:total 4 (initial active 4) (2 cores per cpu, 2 threads per core) family 6 model 37 stepping 5, cmov, cx8, fxsr, mmx, sse, sse2, sse3, ssse3, sse4.1, sse4.2, popcnt, ht, tsc, tscinvbit

/proc/cpuinfo:
processor	: 0
vendor_id	: GenuineIntel
cpu family	: 6
model		: 37
model name	: Intel(R) Core(TM) i3 CPU         540  @ 3.07GHz
stepping	: 5
microcode	: 0x4
cpu MHz		: 3059.000
cache size	: 4096 KB
physical id	: 0
siblings	: 4
core id		: 0
cpu cores	: 2
apicid		: 0
initial apicid	: 0
fpu		: yes
fpu_exception	: yes
cpuid level	: 11
wp		: yes
flags		: fpu vme de pse tsc msr pae mce cx8 apic sep mtrr pge mca cmov pat pse36 clflush dts acpi mmx fxsr sse sse2 ss ht tm pbe syscall nx rdtscp lm constant_tsc arch_perfmon pebs bts rep_good nopl xtopology nonstop_tsc cpuid aperfmperf pni dtes64 monitor ds_cpl vmx est tm2 ssse3 cx16 xtpr pdcm pcid sse4_1 sse4_2 popcnt lahf_lm pti retpoline tpr_shadow vnmi flexpriority ept vpid dtherm arat
bugs		: cpu_meltdown spectre_v1 spectre_v2
bogomips	: 6133.58
clflush size	: 64
cache_alignment	: 64
address sizes	: 36 bits physical, 48 bits virtual
power management:

processor	: 1
vendor_id	: GenuineIntel
cpu family	: 6
model		: 37
model name	: Intel(R) Core(TM) i3 CPU         540  @ 3.07GHz
stepping	: 5
microcode	: 0x4
cpu MHz		: 1197.000
cache size	: 4096 KB
physical id	: 0
siblings	: 4
core id		: 2
cpu cores	: 2
apicid		: 4
initial apicid	: 4
fpu		: yes
fpu_exception	: yes
cpuid level	: 11
wp		: yes
flags		: fpu vme de pse tsc msr pae mce cx8 apic sep mtrr pge mca cmov pat pse36 clflush dts acpi mmx fxsr sse sse2 ss ht tm pbe syscall nx rdtscp lm constant_tsc arch_perfmon pebs bts rep_good nopl xtopology nonstop_tsc cpuid aperfmperf pni dtes64 monitor ds_cpl vmx est tm2 ssse3 cx16 xtpr pdcm pcid sse4_1 sse4_2 popcnt lahf_lm pti retpoline tpr_shadow vnmi flexpriority ept vpid dtherm arat
bugs		: cpu_meltdown spectre_v1 spectre_v2
bogomips	: 6133.58
clflush size	: 64
cache_alignment	: 64
address sizes	: 36 bits physical, 48 bits virtual
power management:

processor	: 2
vendor_id	: GenuineIntel
cpu family	: 6
model		: 37
model name	: Intel(R) Core(TM) i3 CPU         540  @ 3.07GHz
stepping	: 5
microcode	: 0x4
cpu MHz		: 1197.000
cache size	: 4096 KB
physical id	: 0
siblings	: 4
core id		: 0
cpu cores	: 2
apicid		: 1
initial apicid	: 1
fpu		: yes
fpu_exception	: yes
cpuid level	: 11
wp		: yes
flags		: fpu vme de pse tsc msr pae mce cx8 apic sep mtrr pge mca cmov pat pse36 clflush dts acpi mmx fxsr sse sse2 ss ht tm pbe syscall nx rdtscp lm constant_tsc arch_perfmon pebs bts rep_good nopl xtopology nonstop_tsc cpuid aperfmperf pni dtes64 monitor ds_cpl vmx est tm2 ssse3 cx16 xtpr pdcm pcid sse4_1 sse4_2 popcnt lahf_lm pti retpoline tpr_shadow vnmi flexpriority ept vpid dtherm arat
bugs		: cpu_meltdown spectre_v1 spectre_v2
bogomips	: 6133.58
clflush size	: 64
cache_alignment	: 64
address sizes	: 36 bits physical, 48 bits virtual
power management:

processor	: 3
vendor_id	: GenuineIntel
cpu family	: 6
model		: 37
model name	: Intel(R) Core(TM) i3 CPU         540  @ 3.07GHz
stepping	: 5
microcode	: 0x4
cpu MHz		: 1197.000
cache size	: 4096 KB
physical id	: 0
siblings	: 4
core id		: 2
cpu cores	: 2
apicid		: 5
initial apicid	: 5
fpu		: yes
fpu_exception	: yes
cpuid level	: 11
wp		: yes
flags		: fpu vme de pse tsc msr pae mce cx8 apic sep mtrr pge mca cmov pat pse36 clflush dts acpi mmx fxsr sse sse2 ss ht tm pbe syscall nx rdtscp lm constant_tsc arch_perfmon pebs bts rep_good nopl xtopology nonstop_tsc cpuid aperfmperf pni dtes64 monitor ds_cpl vmx est tm2 ssse3 cx16 xtpr pdcm pcid sse4_1 sse4_2 popcnt lahf_lm pti retpoline tpr_shadow vnmi flexpriority ept vpid dtherm arat
bugs		: cpu_meltdown spectre_v1 spectre_v2
bogomips	: 6133.58
clflush size	: 64
cache_alignment	: 64
address sizes	: 36 bits physical, 48 bits virtual
power management:



Memory: 4k page, physical 3776848k(102656k free), swap 0k(0k free)

vm_info: OpenJDK 64-Bit Server VM (25.152-b01) for linux-amd64 JRE (1.8.0_152-release-915-b01), built by "builder" with gcc 4.8.4

time: Fri Mar 23 15:14:49 2018
elapsed time: 64 seconds (0d 0h 1m 4s)

